#
# A fatal error has been detected by the Java Runtime Environment:
#
#  SIGSEGV (0xb) at pc=0x0000000102f257eb, pid=3628, tid=34575
#
# JRE version: Java(TM) SE Runtime Environment (17.0.12+8) (build 17.0.12+8-LTS-286)
# Java VM: Java HotSpot(TM) 64-Bit Server VM (17.0.12+8-LTS-286, mixed mode, emulated-client, sharing, tiered, compressed oops, compressed class ptrs, g1 gc, bsd-amd64)
# Problematic frame:
# V  [libjvm.dylib+0x4047eb]  G1ConcurrentMark::mark_in_next_bitmap(unsigned int, HeapRegion*, oopDesc*)+0xb
#
# No core dump will be written. Core dumps have been disabled. To enable core dumping, try "ulimit -c unlimited" before starting Java again
#
# If you would like to submit a bug report, please visit:
#   https://bugreport.java.com/bugreport/crash.jsp
#

---------------  S U M M A R Y ------------

Command Line: -XX:TieredStopAtLevel=1 -Dspring.output.ansi.enabled=always -Dcom.sun.management.jmxremote -Dspring.jmx.enabled=true -Dspring.liveBeansView.mbeanDomain -Dspring.application.admin.enabled=true -Dmanagement.endpoints.jmx.exposure.include=* -javaagent:/Applications/IntelliJ IDEA.app/Contents/lib/idea_rt.jar=49534 -Dfile.encoding=UTF-8 com.example.sen_scu.SenScuApplication

Host: "MacBookPro15,4" x86_64 1400 MHz, 8 cores, 8G, Darwin 24.5.0, macOS 15.5 (24F74)
Time: Mon Jan 12 14:46:16 2026 GMT elapsed time: 1917.948836 seconds (0d 0h 31m 57s)

---------------  T H R E A D  ---------------

Current thread (0x00007ff05642e250):  ConcurrentGCThread "G1 Conc#1" [stack: 0x000070000c89f000,0x000070000c99f000] [id=34575]

Stack: [0x000070000c89f000,0x000070000c99f000],  sp=0x000070000c99cc50,  free space=1015k
Native frames: (J=compiled Java code, j=interpreted, Vv=VM code, C=native code)
V  [libjvm.dylib+0x4047eb]  G1ConcurrentMark::mark_in_next_bitmap(unsigned int, HeapRegion*, oopDesc*)+0xb
V  [libjvm.dylib+0x4046a7]  G1CMTask::make_reference_grey(oopDesc*)+0x37
V  [libjvm.dylib+0x2e7b9a]  ClassLoaderData::oops_do(OopClosure*, int, bool)+0x8a
V  [libjvm.dylib+0x4049ef]  void OopOopIterateDispatch<G1CMOopClosure>::Table::oop_oop_iterate<InstanceRefKlass, narrowOop>(G1CMOopClosure*, oopDesc*, Klass*)+0x2f
V  [libjvm.dylib+0x41ea15]  void G1CMTask::process_grey_task_entry<true>(G1TaskQueueEntry)+0x215
V  [libjvm.dylib+0x41dc34]  G1CMBitMap::iterate(G1CMBitMapClosure*, MemRegion)+0xf4
V  [libjvm.dylib+0x41d213]  G1CMTask::do_marking_step(double, bool, bool)+0x4d3
V  [libjvm.dylib+0x41ee54]  G1CMConcurrentMarkingTask::work(unsigned int)+0xb4
V  [libjvm.dylib+0xab69ac]  GangWorker::loop()+0x5c
V  [libjvm.dylib+0xab6936]  GangWorker::run()+0x16
V  [libjvm.dylib+0x9fee42]  Thread::call_run()+0xf2
V  [libjvm.dylib+0x88f038]  thread_native_entry(Thread*)+0x148
C  [libsystem_pthread.dylib+0x5df1]  _pthread_start+0x63
C  [libsystem_pthread.dylib+0x1857]  thread_start+0xf


siginfo: si_signo: 11 (SIGSEGV), si_code: 1 (SEGV_MAPERR), si_addr: 0x00000000000000a0

Registers:
RAX=0x00007ff0577e2c00, RBX=0x00007ff0563048c0, RCX=0x0000000115000630, RDX=0x0000000000000000
RSP=0x000070000c99cc50, RBP=0x000070000c99cc70, RSI=0x0000000000000001, RDI=0x00007ff05880b400
R8 =0x0000000115b3d018, R9 =0x0000000000000000, R10=0x0000000000000001, R11=0x00000001037bb618
R12=0x000000011542efc0, R13=0x00007ff0563048c0, R14=0x0000000115000630, R15=0x000070000c99cdb8
RIP=0x0000000102f257eb, EFLAGS=0x0000000000010206, ERR=0x0000000000000004
  TRAPNO=0x000000000000000e


Register to memory mapping:

RAX=0x00007ff0577e2c00 points into unknown readable memory: 0x0000000000000000 | 00 00 00 00 00 00 00 00
RBX=0x00007ff0563048c0 points into unknown readable memory: 0x0000000103760b60 | 60 0b 76 03 01 00 00 00
RCX=0x0000000115000630 is pointing into metadata
RDX=0x0 is NULL
RSP=0x000070000c99cc50 points into unknown readable memory: 0x00007ff0563048c0 | c0 48 30 56 f0 7f 00 00
RBP=0x000070000c99cc70 points into unknown readable memory: 0x000070000c99cc90 | 90 cc 99 0c 00 70 00 00
RSI=0x0000000000000001 is an unknown value
RDI=0x00007ff05880b400 points into unknown readable memory: 0x00007ff056604330 | 30 43 60 56 f0 7f 00 00
R8 =0x0000000115b3d018 is pointing into metadata
R9 =0x0 is NULL
R10=0x0000000000000001 is an unknown value
R11=0x00000001037bb618: UseCompressedOops+0 in /Library/Java/JavaVirtualMachines/jdk-17.jdk/Contents/Home/lib/server/libjvm.dylib at 0x0000000102b21000
R12={method} {0x000000011542efc0} '<init>' '([BLjava/lang/String;)V' in 'java/lang/String'
R13=0x00007ff0563048c0 points into unknown readable memory: 0x0000000103760b60 | 60 0b 76 03 01 00 00 00
R14=0x0000000115000630 is pointing into metadata
R15=0x000070000c99cdb8 points into unknown readable memory: 0x0000000103760b20 | 20 0b 76 03 01 00 00 00


Top of Stack: (sp=0x000070000c99cc50)
0x000070000c99cc50:   00007ff0563048c0 000000011542efc0
0x000070000c99cc60:   0000000115000630 000070000c99cdb8
0x000070000c99cc70:   000070000c99cc90 0000000102f256a7
0x000070000c99cc80:   000000000b395a80 000000011542efc0
0x000070000c99cc90:   000070000c99ccc0 0000000102e08b9a
0x000070000c99cca0:   000070000c99cdb8 000000011500ed18
0x000070000c99ccb0:   000000011500ed18 000070000c99cdb8
0x000070000c99ccc0:   000070000c99cd20 0000000102f259ef
0x000070000c99ccd0:   000070000c99cd20 0000000102f2618d
0x000070000c99cce0:   0000000780dadf50 0000000115001a58
0x000070000c99ccf0:   0000000780dadee0 0000000002abc440
0x000070000c99cd00:   000000011500ed18 00007ff0563048c0
0x000070000c99cd10:   0000000780dadf50 000070000c99cdb8
0x000070000c99cd20:   000070000c99cd60 0000000102f3fa15
0x000070000c99cd30:   00007ff0563048c0 00000000001b5bea
0x000070000c99cd40:   00007ff05880b450 0000000780dadf50
0x000070000c99cd50:   00000000001c0000 000070000c99cde0
0x000070000c99cd60:   000070000c99cda0 0000000102f3ec34
0x000070000c99cd70:   0000000000007000 0000000780d00000
0x000070000c99cd80:   0000000000000400 00007ff0563048c0
0x000070000c99cd90:   0000000000000001 00000001037bbb50
0x000070000c99cda0:   000070000c99ee50 0000000102f3e213
0x000070000c99cdb0:   0000000000000000 0000000103760b20
0x000070000c99cdc0:   000060000081c900 0000000000000003
0x000070000c99cdd0:   00007ff059008200 00007ff0563048c0
0x000070000c99cde0:   00007ff05880b400 00007ff0563048c0
0x000070000c99cdf0:   0000000000000000 00007ff0563049f8
0x000070000c99ce00:   3fe0000000000000 3fcdd20465f3d601
0x000070000c99ce10:   3fe3381900000001 00007ff056304948
0x000070000c99ce20:   0000000000000000 0000000000000000
0x000070000c99ce30:   0000000000000000 0000000000000000
0x000070000c99ce40:   0000000000000000 0000000000000000 

Instructions: (pc=0x0000000102f257eb)
0x0000000102f256eb:   8d 05 28 5f 89 00 80 38 00 74 4c 41 8b 46 08 48
0x0000000102f256fb:   8d 15 ef d7 85 00 8a 4a 08 48 d3 e0 48 03 02 81
0x0000000102f2570b:   78 08 00 00 00 c0 72 3c 48 8b 83 a0 00 00 00 48
0x0000000102f2571b:   3b 83 a8 00 00 00 73 12 48 8b 8b b8 00 00 00 b0
0x0000000102f2572b:   01 48 3b 8b c0 00 00 00 72 a2 48 89 df e8 43 80
0x0000000102f2573b:   01 00 e9 96 00 00 00 49 8b 46 08 81 78 08 00 00
0x0000000102f2574b:   00 c0 73 c4 48 8b 43 30 8b 88 80 00 00 00 8b 90
0x0000000102f2575b:   00 01 00 00 89 ce 29 d6 81 e6 fe ff 01 00 81 fe
0x0000000102f2576b:   fe ff 01 00 75 4e 48 89 df e8 47 81 01 00 48 8b
0x0000000102f2577b:   4b 30 8b 91 80 00 00 00 8b 81 00 01 00 00 89 d6
0x0000000102f2578b:   29 c6 81 e6 fe ff 01 00 b0 01 81 fe fe ff 01 00
0x0000000102f2579b:   0f 84 36 ff ff ff 48 8b b1 80 01 00 00 4c 89 34
0x0000000102f257ab:   d6 ff c2 81 e2 ff ff 01 00 89 91 80 00 00 00 5b
0x0000000102f257bb:   41 5e 5d c3 48 8b 90 80 01 00 00 4c 89 34 ca ff
0x0000000102f257cb:   c1 81 e1 ff ff 01 00 89 88 80 00 00 00 b0 01 5b
0x0000000102f257db:   41 5e 5d c3 90 55 48 89 e5 41 57 41 56 41 54 53
0x0000000102f257eb:   48 39 8a a0 00 00 00 0f 86 a5 00 00 00 49 89 cc
0x0000000102f257fb:   41 89 f6 49 89 ff 48 8b 9f 98 00 00 00 48 8b 03
0x0000000102f2580b:   48 89 df 48 89 ce ff 10 4c 89 e0 48 2b 43 08 48
0x0000000102f2581b:   c1 e8 03 8a 4b 18 48 d3 e8 48 8b 7b 20 48 89 c3
0x0000000102f2582b:   ba 01 00 00 00 89 c1 48 d3 e2 48 c1 eb 06 48 8d
0x0000000102f2583b:   34 df 48 8b 0c df 66 2e 0f 1f 84 00 00 00 00 00
0x0000000102f2584b:   0f 1f 44 00 00 48 89 cf 48 09 d7 48 39 cf 74 42
0x0000000102f2585b:   48 89 c8 f0 48 0f b1 3e 48 39 c8 48 89 c1 75 e5
0x0000000102f2586b:   48 8d 05 a7 5d 89 00 8a 10 84 d2 74 2c 41 8b 7c
0x0000000102f2587b:   24 08 48 8d 05 6c d6 85 00 8a 48 08 48 d3 e7 48
0x0000000102f2588b:   03 38 8b 47 08 85 c0 7e 1c a8 01 75 1c c1 e8 03
0x0000000102f2589b:   eb 5a 31 c0 e9 db 00 00 00 49 8b 7c 24 08 8b 47
0x0000000102f258ab:   08 85 c0 7f e4 85 c0 78 0e 48 8b 07 4c 89 e6 ff
0x0000000102f258bb:   90 00 01 00 00 eb 35 31 c9 84 d2 0f 94 c1 49 63
0x0000000102f258cb:   54 8c 0c 89 c1 48 d3 e2 c1 e8 10 0f b6 c0 48 01
0x0000000102f258db:   d0 48 8d 0d c1 f4 85 00 48 63 09 48 8d 54 01 ff 


Stack slot to memory mapping:
stack at sp + 0 slots: 0x00007ff0563048c0 points into unknown readable memory: 0x0000000103760b60 | 60 0b 76 03 01 00 00 00
stack at sp + 1 slots: {method} {0x000000011542efc0} '<init>' '([BLjava/lang/String;)V' in 'java/lang/String'
stack at sp + 2 slots: 0x0000000115000630 is pointing into metadata
stack at sp + 3 slots: 0x000070000c99cdb8 points into unknown readable memory: 0x0000000103760b20 | 20 0b 76 03 01 00 00 00
stack at sp + 4 slots: 0x000070000c99cc90 points into unknown readable memory: 0x000070000c99ccc0 | c0 cc 99 0c 00 70 00 00
stack at sp + 5 slots: 0x0000000102f256a7: _ZN8G1CMTask19make_reference_greyEP7oopDesc+0x37 in /Library/Java/JavaVirtualMachines/jdk-17.jdk/Contents/Home/lib/server/libjvm.dylib at 0x0000000102b21000
stack at sp + 6 slots: 0x000000000b395a80 is an unknown value
stack at sp + 7 slots: {method} {0x000000011542efc0} '<init>' '([BLjava/lang/String;)V' in 'java/lang/String'


---------------  P R O C E S S  ---------------

Threads class SMR info:
_java_thread_list=0x0000600002ba41e0, length=37, elements={
0x00007ff057049200, 0x00007ff05704ba00, 0x00007ff05b00a400, 0x00007ff05b00aa00,
0x00007ff05b00b000, 0x00007ff057049e00, 0x00007ff05b00b600, 0x00007ff05800d200,
0x00007ff05781d400, 0x00007ff05704a400, 0x00007ff05900e600, 0x00007ff05704f400,
0x00007ff05789e200, 0x00007ff0571fca00, 0x00007ff0579bf600, 0x00007ff0571fc200,
0x00007ff057a57000, 0x00007ff05752d200, 0x00007ff057200600, 0x00007ff057956c00,
0x00007ff05759ba00, 0x00007ff05759b000, 0x00007ff05b11a600, 0x00007ff05b11ac00,
0x00007ff058900200, 0x00007ff057957200, 0x00007ff057a69e00, 0x00007ff057a6a400,
0x00007ff05b11b200, 0x00007ff05759c000, 0x00007ff057a6aa00, 0x00007ff057955c00,
0x00007ff0578a8c00, 0x00007ff057956200, 0x00007ff057a8ba00, 0x00007ff0588f5200,
0x00007ff0588ee600
}

Java Threads: ( => current thread )
  0x00007ff057049200 JavaThread "Reference Handler" daemon [_thread_blocked, id=19715, stack(0x000070000ac48000,0x000070000ad48000)]
  0x00007ff05704ba00 JavaThread "Finalizer" daemon [_thread_blocked, id=19459, stack(0x000070000ad4b000,0x000070000ae4b000)]
  0x00007ff05b00a400 JavaThread "Signal Dispatcher" daemon [_thread_blocked, id=22787, stack(0x000070000af54000,0x000070000b054000)]
  0x00007ff05b00aa00 JavaThread "Service Thread" daemon [_thread_blocked, id=30723, stack(0x000070000b057000,0x000070000b157000)]
  0x00007ff05b00b000 JavaThread "Monitor Deflation Thread" daemon [_thread_blocked, id=30211, stack(0x000070000b15a000,0x000070000b25a000)]
  0x00007ff057049e00 JavaThread "C1 CompilerThread0" daemon [_thread_blocked, id=23299, stack(0x000070000b25d000,0x000070000b35d000)]
  0x00007ff05b00b600 JavaThread "Sweeper thread" daemon [_thread_blocked, id=29955, stack(0x000070000b360000,0x000070000b460000)]
  0x00007ff05800d200 JavaThread "Common-Cleaner" daemon [_thread_blocked, id=29443, stack(0x000070000b463000,0x000070000b563000)]
  0x00007ff05781d400 JavaThread "Attach Listener" daemon [_thread_blocked, id=29187, stack(0x000070000b566000,0x000070000b666000)]
  0x00007ff05704a400 JavaThread "Monitor Ctrl-Break" daemon [_thread_in_native, id=28931, stack(0x000070000b669000,0x000070000b769000)]
  0x00007ff05900e600 JavaThread "Notification Thread" daemon [_thread_blocked, id=28675, stack(0x000070000b76c000,0x000070000b86c000)]
  0x00007ff05704f400 JavaThread "RMI TCP Accept-0" daemon [_thread_in_native, id=24579, stack(0x000070000b86f000,0x000070000b96f000)]
  0x00007ff05789e200 JavaThread "RMI Scheduler(0)" daemon [_thread_blocked, id=27139, stack(0x000070000bb78000,0x000070000bc78000)]
  0x00007ff0571fca00 JavaThread "Catalina-utility-1" [_thread_blocked, id=40211, stack(0x000070000c9a2000,0x000070000caa2000)]
  0x00007ff0579bf600 JavaThread "Catalina-utility-2" [_thread_blocked, id=39939, stack(0x000070000caa5000,0x000070000cba5000)]
  0x00007ff0571fc200 JavaThread "container-0" [_thread_blocked, id=39683, stack(0x000070000cba8000,0x000070000cca8000)]
  0x00007ff057a57000 JavaThread "mysql-cj-abandoned-connection-cleanup" daemon [_thread_blocked, id=35587, stack(0x000070000ccab000,0x000070000cdab000)]
  0x00007ff05752d200 JavaThread "HikariPool-1 housekeeper" daemon [_thread_blocked, id=36107, stack(0x000070000cdae000,0x000070000ceae000)]
  0x00007ff057200600 JavaThread "File Watcher" daemon [_thread_blocked, id=22035, stack(0x000070000cfb4000,0x000070000d0b4000)]
  0x00007ff057956c00 JavaThread "Live Reload Server" daemon [_thread_in_native, id=38419, stack(0x000070000d0b7000,0x000070000d1b7000)]
  0x00007ff05759ba00 JavaThread "http-nio-8080-exec-1" daemon [_thread_blocked, id=36611, stack(0x000070000d1ba000,0x000070000d2ba000)]
  0x00007ff05759b000 JavaThread "http-nio-8080-exec-2" daemon [_thread_blocked, id=37891, stack(0x000070000d2bd000,0x000070000d3bd000)]
  0x00007ff05b11a600 JavaThread "http-nio-8080-exec-3" daemon [_thread_blocked, id=37379, stack(0x000070000d3c0000,0x000070000d4c0000)]
  0x00007ff05b11ac00 JavaThread "http-nio-8080-exec-4" daemon [_thread_blocked, id=36867, stack(0x000070000d4c3000,0x000070000d5c3000)]
  0x00007ff058900200 JavaThread "http-nio-8080-exec-5" daemon [_thread_blocked, id=65283, stack(0x000070000d5c6000,0x000070000d6c6000)]
  0x00007ff057957200 JavaThread "http-nio-8080-exec-6" daemon [_thread_blocked, id=64771, stack(0x000070000d6c9000,0x000070000d7c9000)]
  0x00007ff057a69e00 JavaThread "http-nio-8080-exec-7" daemon [_thread_blocked, id=44035, stack(0x000070000d7cc000,0x000070000d8cc000)]
  0x00007ff057a6a400 JavaThread "http-nio-8080-exec-8" daemon [_thread_blocked, id=64515, stack(0x000070000d8cf000,0x000070000d9cf000)]
  0x00007ff05b11b200 JavaThread "http-nio-8080-exec-9" daemon [_thread_blocked, id=64003, stack(0x000070000d9d2000,0x000070000dad2000)]
  0x00007ff05759c000 JavaThread "http-nio-8080-exec-10" daemon [_thread_blocked, id=63491, stack(0x000070000dad5000,0x000070000dbd5000)]
  0x00007ff057a6aa00 JavaThread "http-nio-8080-Poller" daemon [_thread_in_native, id=62979, stack(0x000070000dbd8000,0x000070000dcd8000)]
  0x00007ff057955c00 JavaThread "http-nio-8080-Acceptor" daemon [_thread_in_native, id=44547, stack(0x000070000dcdb000,0x000070000dddb000)]
  0x00007ff0578a8c00 JavaThread "DestroyJavaVM" [_thread_blocked, id=5891, stack(0x000070000a533000,0x000070000a633000)]
  0x00007ff057956200 JavaThread "RMI TCP Connection(4)-127.0.0.1" daemon [_thread_in_native, id=33547, stack(0x000070000c493000,0x000070000c593000)]
  0x00007ff057a8ba00 JavaThread "Java2D Disposer" daemon [_thread_blocked, id=26383, stack(0x000070000c596000,0x000070000c696000)]
  0x00007ff0588f5200 JavaThread "AppKit Thread" daemon [_thread_in_native, id=259, stack(0x00007ff7bdc50000,0x00007ff7be450000)]
  0x00007ff0588ee600 JavaThread "JMX server connection timeout 75" daemon [_thread_blocked, id=62227, stack(0x000070000ba75000,0x000070000bb75000)]

Other Threads:
  0x00007ff0562095f0 VMThread "VM Thread" [stack: 0x000070000ab45000,0x000070000ac45000] [id=18179]
  0x00007ff05570de80 WatcherThread [stack: 0x000070000b972000,0x000070000ba72000] [id=27907]
  0x00007ff056406660 GCTaskThread "GC Thread#0" [stack: 0x000070000a636000,0x000070000a736000] [id=13315]
  0x00007ff056414d10 GCTaskThread "GC Thread#1" [stack: 0x000070000be81000,0x000070000bf81000] [id=25347]
  0x00007ff056414fc0 GCTaskThread "GC Thread#2" [stack: 0x000070000bf84000,0x000070000c084000] [id=25859]
  0x00007ff055711b80 GCTaskThread "GC Thread#3" [stack: 0x000070000c087000,0x000070000c187000] [id=43267]
  0x00007ff055712070 GCTaskThread "GC Thread#4" [stack: 0x000070000c18a000,0x000070000c28a000] [id=43011]
  0x00007ff0557128e0 GCTaskThread "GC Thread#5" [stack: 0x000070000c28d000,0x000070000c38d000] [id=42755]
  0x00007ff05621cb30 GCTaskThread "GC Thread#6" [stack: 0x000070000c699000,0x000070000c799000] [id=34051]
  0x00007ff05621cfb0 GCTaskThread "GC Thread#7" [stack: 0x000070000c79c000,0x000070000c89c000] [id=40707]
  0x00007ff056604330 ConcurrentGCThread "G1 Main Marker" [stack: 0x000070000a739000,0x000070000a839000] [id=15107]
  0x00007ff056106800 ConcurrentGCThread "G1 Conc#0" [stack: 0x000070000a83c000,0x000070000a93c000] [id=14851]
=>0x00007ff05642e250 ConcurrentGCThread "G1 Conc#1" [stack: 0x000070000c89f000,0x000070000c99f000] [id=34575]
  0x00007ff056304cc0 ConcurrentGCThread "G1 Refine#0" [stack: 0x000070000a93f000,0x000070000aa3f000] [id=16643]
  0x00007ff05630efa0 ConcurrentGCThread "G1 Refine#1" [stack: 0x000070000c390000,0x000070000c490000] [id=41987]
  0x00007ff056406ae0 ConcurrentGCThread "G1 Service" [stack: 0x000070000aa42000,0x000070000ab42000] [id=16899]

Threads with active compile tasks:

VM state: not at safepoint (normal execution)

VM Mutex/Monitor currently owned by a thread: None

Heap address: 0x0000000780000000, size: 2048 MB, Compressed Oops mode: Zero based, Oop shift amount: 3

CDS archive(s) mapped at: [0x0000000115000000-0x0000000115be8000-0x0000000115be8000), size 12484608, SharedBaseAddress: 0x0000000115000000, ArchiveRelocationMode: 1.
Compressed class space mapped at: 0x0000000116000000-0x0000000156000000, reserved size: 1073741824
Narrow klass base: 0x0000000115000000, Narrow klass shift: 0, Narrow klass range: 0x100000000

GC Precious Log:
 CPUs: 8 total, 8 available
 Memory: 8192M
 Large Page Support: Disabled
 NUMA Support: Disabled
 Compressed Oops: Enabled (Zero based)
 Heap Region Size: 1M
 Heap Min Capacity: 8M
 Heap Initial Capacity: 128M
 Heap Max Capacity: 2G
 Pre-touch: Disabled
 Parallel Workers: 8
 Concurrent Workers: 2
 Concurrent Refinement Workers: 8
 Periodic GC: Disabled

Heap:
 garbage-first heap   total 102400K, used 48111K [0x0000000780000000, 0x0000000800000000)
  region size 1024K, 5 young (5120K), 2 survivors (2048K)
 Metaspace       used 85168K, committed 86336K, reserved 1179648K
  class space    used 12302K, committed 12800K, reserved 1048576K

Heap Regions: E=young(eden), S=young(survivor), O=old, HS=humongous(starts), HC=humongous(continues), CS=collection set, F=free, OA=open archive, CA=closed archive, TAMS=top-at-mark-start (previous, next)
|   0|0x0000000780000000, 0x0000000780100000, 0x0000000780100000|100%|HS|  |TAMS 0x0000000780100000, 0x0000000780100000| Complete 
|   1|0x0000000780100000, 0x0000000780200000, 0x0000000780200000|100%| O|  |TAMS 0x0000000780200000, 0x0000000780200000| Untracked 
|   2|0x0000000780200000, 0x0000000780300000, 0x0000000780300000|100%| O|  |TAMS 0x0000000780300000, 0x0000000780300000| Untracked 
|   3|0x0000000780300000, 0x0000000780400000, 0x0000000780400000|100%| O|  |TAMS 0x0000000780400000, 0x0000000780400000| Untracked 
|   4|0x0000000780400000, 0x0000000780500000, 0x0000000780500000|100%| O|  |TAMS 0x0000000780500000, 0x0000000780500000| Untracked 
|   5|0x0000000780500000, 0x0000000780600000, 0x0000000780600000|100%| O|  |TAMS 0x0000000780600000, 0x0000000780600000| Untracked 
|   6|0x0000000780600000, 0x0000000780700000, 0x0000000780700000|100%| O|  |TAMS 0x0000000780700000, 0x0000000780700000| Untracked 
|   7|0x0000000780700000, 0x0000000780800000, 0x0000000780800000|100%| O|  |TAMS 0x0000000780800000, 0x0000000780800000| Untracked 
|   8|0x0000000780800000, 0x0000000780900000, 0x0000000780900000|100%| O|  |TAMS 0x0000000780900000, 0x0000000780900000| Untracked 
|   9|0x0000000780900000, 0x0000000780a00000, 0x0000000780a00000|100%| O|  |TAMS 0x0000000780a00000, 0x0000000780a00000| Untracked 
|  10|0x0000000780a00000, 0x0000000780b00000, 0x0000000780b00000|100%| O|  |TAMS 0x0000000780b00000, 0x0000000780b00000| Untracked 
|  11|0x0000000780b00000, 0x0000000780c00000, 0x0000000780c00000|100%| O|  |TAMS 0x0000000780c00000, 0x0000000780c00000| Untracked 
|  12|0x0000000780c00000, 0x0000000780d00000, 0x0000000780d00000|100%| O|  |TAMS 0x0000000780d00000, 0x0000000780d00000| Untracked 
|  13|0x0000000780d00000, 0x0000000780e00000, 0x0000000780e00000|100%| O|  |TAMS 0x0000000780e00000, 0x0000000780e00000| Untracked 
|  14|0x0000000780e00000, 0x0000000780f00000, 0x0000000780f00000|100%| O|  |TAMS 0x0000000780f00000, 0x0000000780f00000| Untracked 
|  15|0x0000000780f00000, 0x0000000781000000, 0x0000000781000000|100%| O|  |TAMS 0x0000000781000000, 0x0000000781000000| Untracked 
|  16|0x0000000781000000, 0x0000000781100000, 0x0000000781100000|100%| O|  |TAMS 0x0000000781100000, 0x0000000781100000| Untracked 
|  17|0x0000000781100000, 0x0000000781200000, 0x0000000781200000|100%| O|  |TAMS 0x0000000781200000, 0x0000000781200000| Untracked 
|  18|0x0000000781200000, 0x0000000781200000, 0x0000000781300000|  0%| F|  |TAMS 0x0000000781200000, 0x0000000781200000| Untracked 
|  19|0x0000000781300000, 0x0000000781400000, 0x0000000781400000|100%| O|  |TAMS 0x0000000781400000, 0x0000000781400000| Untracked 
|  20|0x0000000781400000, 0x0000000781400000, 0x0000000781500000|  0%| F|  |TAMS 0x0000000781400000, 0x0000000781400000| Untracked 
|  21|0x0000000781500000, 0x0000000781600000, 0x0000000781600000|100%| O|  |TAMS 0x0000000781600000, 0x0000000781600000| Untracked 
|  22|0x0000000781600000, 0x0000000781700000, 0x0000000781700000|100%| O|  |TAMS 0x0000000781600000, 0x0000000781700000| Untracked 
|  23|0x0000000781700000, 0x0000000781800000, 0x0000000781800000|100%| O|  |TAMS 0x0000000781800000, 0x0000000781800000| Untracked 
|  24|0x0000000781800000, 0x0000000781900000, 0x0000000781900000|100%| O|  |TAMS 0x0000000781900000, 0x0000000781900000| Untracked 
|  25|0x0000000781900000, 0x0000000781a00000, 0x0000000781a00000|100%| O|  |TAMS 0x0000000781a00000, 0x0000000781a00000| Untracked 
|  26|0x0000000781a00000, 0x0000000781b00000, 0x0000000781b00000|100%| O|  |TAMS 0x0000000781b00000, 0x0000000781b00000| Untracked 
|  27|0x0000000781b00000, 0x0000000781c00000, 0x0000000781c00000|100%| O|  |TAMS 0x0000000781c00000, 0x0000000781c00000| Untracked 
|  28|0x0000000781c00000, 0x0000000781c00000, 0x0000000781d00000|  0%| F|  |TAMS 0x0000000781c00000, 0x0000000781c00000| Untracked 
|  29|0x0000000781d00000, 0x0000000781e00000, 0x0000000781e00000|100%| O|  |TAMS 0x0000000781e00000, 0x0000000781e00000| Untracked 
|  30|0x0000000781e00000, 0x0000000781f00000, 0x0000000781f00000|100%| O|  |TAMS 0x0000000781f00000, 0x0000000781f00000| Untracked 
|  31|0x0000000781f00000, 0x0000000782000000, 0x0000000782000000|100%| O|  |TAMS 0x0000000782000000, 0x0000000782000000| Untracked 
|  32|0x0000000782000000, 0x0000000782100000, 0x0000000782100000|100%| O|  |TAMS 0x0000000782100000, 0x0000000782100000| Untracked 
|  33|0x0000000782100000, 0x0000000782200000, 0x0000000782200000|100%| O|  |TAMS 0x0000000782100000, 0x0000000782200000| Untracked 
|  34|0x0000000782200000, 0x0000000782300000, 0x0000000782300000|100%| O|  |TAMS 0x0000000782300000, 0x0000000782300000| Untracked 
|  35|0x0000000782300000, 0x0000000782300000, 0x0000000782400000|  0%| F|  |TAMS 0x0000000782300000, 0x0000000782300000| Untracked 
|  36|0x0000000782400000, 0x00000007824b3600, 0x0000000782500000| 70%| O|  |TAMS 0x0000000782400000, 0x00000007824b3600| Untracked 
|  37|0x0000000782500000, 0x0000000782600000, 0x0000000782600000|100%| O|  |TAMS 0x0000000782600000, 0x0000000782600000| Untracked 
|  38|0x0000000782600000, 0x0000000782600000, 0x0000000782700000|  0%| F|  |TAMS 0x0000000782600000, 0x0000000782600000| Untracked 
|  39|0x0000000782700000, 0x0000000782800000, 0x0000000782800000|100%| O|  |TAMS 0x0000000782800000, 0x0000000782800000| Untracked 
|  40|0x0000000782800000, 0x0000000782900000, 0x0000000782900000|100%| O|  |TAMS 0x0000000782900000, 0x0000000782900000| Untracked 
|  41|0x0000000782900000, 0x0000000782a00000, 0x0000000782a00000|100%| O|  |TAMS 0x0000000782a00000, 0x0000000782a00000| Untracked 
|  42|0x0000000782a00000, 0x0000000782b00000, 0x0000000782b00000|100%| O|  |TAMS 0x0000000782b00000, 0x0000000782b00000| Untracked 
|  43|0x0000000782b00000, 0x0000000782c00000, 0x0000000782c00000|100%| O|  |TAMS 0x0000000782c00000, 0x0000000782c00000| Untracked 
|  44|0x0000000782c00000, 0x0000000782d00000, 0x0000000782d00000|100%| O|  |TAMS 0x0000000782c9fc00, 0x0000000782d00000| Untracked 
|  45|0x0000000782d00000, 0x0000000782e00000, 0x0000000782e00000|100%| O|  |TAMS 0x0000000782d00000, 0x0000000782e00000| Untracked 
|  46|0x0000000782e00000, 0x0000000782f00000, 0x0000000782f00000|100%| O|  |TAMS 0x0000000782e00000, 0x0000000782f00000| Untracked 
|  47|0x0000000782f00000, 0x0000000783000000, 0x0000000783000000|100%| O|  |TAMS 0x0000000782f00000, 0x0000000783000000| Untracked 
|  48|0x0000000783000000, 0x0000000783100000, 0x0000000783100000|100%| O|  |TAMS 0x0000000783000000, 0x0000000783100000| Untracked 
|  49|0x0000000783100000, 0x0000000783100000, 0x0000000783200000|  0%| F|  |TAMS 0x0000000783100000, 0x0000000783100000| Untracked 
|  50|0x0000000783200000, 0x0000000783200000, 0x0000000783300000|  0%| F|  |TAMS 0x0000000783200000, 0x0000000783200000| Untracked 
|  51|0x0000000783300000, 0x0000000783300000, 0x0000000783400000|  0%| F|  |TAMS 0x0000000783300000, 0x0000000783300000| Untracked 
|  52|0x0000000783400000, 0x0000000783400000, 0x0000000783500000|  0%| F|  |TAMS 0x0000000783400000, 0x0000000783400000| Untracked 
|  53|0x0000000783500000, 0x0000000783500000, 0x0000000783600000|  0%| F|  |TAMS 0x0000000783500000, 0x0000000783500000| Untracked 
|  54|0x0000000783600000, 0x0000000783600000, 0x0000000783700000|  0%| F|  |TAMS 0x0000000783600000, 0x0000000783600000| Untracked 
|  55|0x0000000783700000, 0x0000000783700000, 0x0000000783800000|  0%| F|  |TAMS 0x0000000783700000, 0x0000000783700000| Untracked 
|  56|0x0000000783800000, 0x00000007838527a8, 0x0000000783900000| 32%| S|CS|TAMS 0x0000000783800000, 0x0000000783800000| Complete 
|  57|0x0000000783900000, 0x0000000783a00000, 0x0000000783a00000|100%| S|CS|TAMS 0x0000000783900000, 0x0000000783900000| Complete 
|  58|0x0000000783a00000, 0x0000000783a00000, 0x0000000783b00000|  0%| F|  |TAMS 0x0000000783a00000, 0x0000000783a00000| Untracked 
|  59|0x0000000783b00000, 0x0000000783b00000, 0x0000000783c00000|  0%| F|  |TAMS 0x0000000783b00000, 0x0000000783b00000| Untracked 
|  60|0x0000000783c00000, 0x0000000783c00000, 0x0000000783d00000|  0%| F|  |TAMS 0x0000000783c00000, 0x0000000783c00000| Untracked 
|  61|0x0000000783d00000, 0x0000000783d00000, 0x0000000783e00000|  0%| F|  |TAMS 0x0000000783d00000, 0x0000000783d00000| Untracked 
|  62|0x0000000783e00000, 0x0000000783e00000, 0x0000000783f00000|  0%| F|  |TAMS 0x0000000783e00000, 0x0000000783e00000| Untracked 
|  63|0x0000000783f00000, 0x0000000783f00000, 0x0000000784000000|  0%| F|  |TAMS 0x0000000783f00000, 0x0000000783f00000| Untracked 
|  64|0x0000000784000000, 0x0000000784000000, 0x0000000784100000|  0%| F|  |TAMS 0x0000000784000000, 0x0000000784000000| Untracked 
|  65|0x0000000784100000, 0x0000000784100000, 0x0000000784200000|  0%| F|  |TAMS 0x0000000784100000, 0x0000000784100000| Untracked 
|  66|0x0000000784200000, 0x0000000784200000, 0x0000000784300000|  0%| F|  |TAMS 0x0000000784200000, 0x0000000784200000| Untracked 
|  67|0x0000000784300000, 0x0000000784300000, 0x0000000784400000|  0%| F|  |TAMS 0x0000000784300000, 0x0000000784300000| Untracked 
|  68|0x0000000784400000, 0x0000000784400000, 0x0000000784500000|  0%| F|  |TAMS 0x0000000784400000, 0x0000000784400000| Untracked 
|  69|0x0000000784500000, 0x0000000784500000, 0x0000000784600000|  0%| F|  |TAMS 0x0000000784500000, 0x0000000784500000| Untracked 
|  70|0x0000000784600000, 0x0000000784600000, 0x0000000784700000|  0%| F|  |TAMS 0x0000000784600000, 0x0000000784600000| Untracked 
|  71|0x0000000784700000, 0x0000000784700000, 0x0000000784800000|  0%| F|  |TAMS 0x0000000784700000, 0x0000000784700000| Untracked 
|  72|0x0000000784800000, 0x0000000784800000, 0x0000000784900000|  0%| F|  |TAMS 0x0000000784800000, 0x0000000784800000| Untracked 
|  73|0x0000000784900000, 0x0000000784900000, 0x0000000784a00000|  0%| F|  |TAMS 0x0000000784900000, 0x0000000784900000| Untracked 
|  74|0x0000000784a00000, 0x0000000784a00000, 0x0000000784b00000|  0%| F|  |TAMS 0x0000000784a00000, 0x0000000784a00000| Untracked 
|  75|0x0000000784b00000, 0x0000000784b00000, 0x0000000784c00000|  0%| F|  |TAMS 0x0000000784b00000, 0x0000000784b00000| Untracked 
|  76|0x0000000784c00000, 0x0000000784c00000, 0x0000000784d00000|  0%| F|  |TAMS 0x0000000784c00000, 0x0000000784c00000| Untracked 
|  77|0x0000000784d00000, 0x0000000784d00000, 0x0000000784e00000|  0%| F|  |TAMS 0x0000000784d00000, 0x0000000784d00000| Untracked 
|  78|0x0000000784e00000, 0x0000000784e00000, 0x0000000784f00000|  0%| F|  |TAMS 0x0000000784e00000, 0x0000000784e00000| Untracked 
|  79|0x0000000784f00000, 0x0000000784f00000, 0x0000000785000000|  0%| F|  |TAMS 0x0000000784f00000, 0x0000000784f00000| Untracked 
|  80|0x0000000785000000, 0x0000000785000000, 0x0000000785100000|  0%| F|  |TAMS 0x0000000785000000, 0x0000000785000000| Untracked 
|  81|0x0000000785100000, 0x0000000785100000, 0x0000000785200000|  0%| F|  |TAMS 0x0000000785100000, 0x0000000785100000| Untracked 
|  82|0x0000000785200000, 0x0000000785200000, 0x0000000785300000|  0%| F|  |TAMS 0x0000000785200000, 0x0000000785200000| Untracked 
|  83|0x0000000785300000, 0x0000000785300000, 0x0000000785400000|  0%| F|  |TAMS 0x0000000785300000, 0x0000000785300000| Untracked 
|  84|0x0000000785400000, 0x0000000785400000, 0x0000000785500000|  0%| F|  |TAMS 0x0000000785400000, 0x0000000785400000| Untracked 
|  85|0x0000000785500000, 0x0000000785500000, 0x0000000785600000|  0%| F|  |TAMS 0x0000000785500000, 0x0000000785500000| Untracked 
|  86|0x0000000785600000, 0x0000000785600000, 0x0000000785700000|  0%| F|  |TAMS 0x0000000785600000, 0x0000000785600000| Untracked 
|  87|0x0000000785700000, 0x0000000785700000, 0x0000000785800000|  0%| F|  |TAMS 0x0000000785700000, 0x0000000785700000| Untracked 
|  88|0x0000000785800000, 0x0000000785800000, 0x0000000785900000|  0%| F|  |TAMS 0x0000000785800000, 0x0000000785800000| Untracked 
|  89|0x0000000785900000, 0x0000000785900000, 0x0000000785a00000|  0%| F|  |TAMS 0x0000000785900000, 0x0000000785900000| Untracked 
|  90|0x0000000785a00000, 0x0000000785a00000, 0x0000000785b00000|  0%| F|  |TAMS 0x0000000785a00000, 0x0000000785a00000| Untracked 
| 108|0x0000000786c00000, 0x0000000786c00000, 0x0000000786d00000|  0%| F|  |TAMS 0x0000000786c00000, 0x0000000786c00000| Untracked 
| 109|0x0000000786d00000, 0x0000000786d00000, 0x0000000786e00000|  0%| F|  |TAMS 0x0000000786d00000, 0x0000000786d00000| Untracked 
| 110|0x0000000786e00000, 0x0000000786e00000, 0x0000000786f00000|  0%| F|  |TAMS 0x0000000786e00000, 0x0000000786e00000| Untracked 
| 111|0x0000000786f00000, 0x0000000786f00000, 0x0000000787000000|  0%| F|  |TAMS 0x0000000786f00000, 0x0000000786f00000| Untracked 
| 112|0x0000000787000000, 0x0000000787000800, 0x0000000787100000|  0%| E|  |TAMS 0x0000000787000000, 0x0000000787000000| Complete 
| 113|0x0000000787100000, 0x0000000787200000, 0x0000000787200000|100%| E|CS|TAMS 0x0000000787100000, 0x0000000787100000| Complete 
| 127|0x0000000787f00000, 0x0000000788000000, 0x0000000788000000|100%| E|  |TAMS 0x0000000787f00000, 0x0000000787f00000| Complete 
|2046|0x00000007ffe00000, 0x00000007ffe76000, 0x00000007fff00000| 46%|OA|  |TAMS 0x00000007ffe76000, 0x00000007ffe76000| Untracked 
|2047|0x00000007fff00000, 0x00000007fff80000, 0x0000000800000000| 50%|CA|  |TAMS 0x00000007fff80000, 0x00000007fff80000| Untracked 

Card table byte_map: [0x0000000102045000,0x0000000102445000] _byte_map_base: 0x00000000fe445000

Marking Bits (Prev, Next): (CMBitMap*) 0x00007ff05880b410, (CMBitMap*) 0x00007ff05880b450
 Prev Bits: [0x000000010e353000, 0x0000000110353000)
 Next Bits: [0x0000000110353000, 0x0000000112353000)

Polling page: 0x0000000101ad7000

Metaspace:

Usage:
  Non-class:     71.16 MB used.
      Class:     12.01 MB used.
       Both:     83.17 MB used.

Virtual space:
  Non-class space:      128.00 MB reserved,      71.81 MB ( 56%) committed,  2 nodes.
      Class space:        1.00 GB reserved,      12.50 MB (  1%) committed,  1 nodes.
             Both:        1.12 GB reserved,      84.31 MB (  7%) committed. 

Chunk freelists:
   Non-Class:  8.05 MB
       Class:  3.58 MB
        Both:  11.63 MB

MaxMetaspaceSize: unlimited
CompressedClassSpaceSize: 1.00 GB
Initial GC threshold: 21.00 MB
Current GC threshold: 140.56 MB
CDS: on
MetaspaceReclaimPolicy: balanced
 - commit_granule_bytes: 65536.
 - commit_granule_words: 8192.
 - virtual_space_node_default_size: 8388608.
 - enlarge_chunks_in_place: 1.
 - new_chunks_are_fully_committed: 0.
 - uncommit_free_chunks: 1.
 - use_allocation_guard: 0.
 - handle_deallocations: 1.


Internal statistics:

num_allocs_failed_limit: 9.
num_arena_births: 1312.
num_arena_deaths: 330.
num_vsnodes_births: 3.
num_vsnodes_deaths: 0.
num_space_committed: 1349.
num_space_uncommitted: 0.
num_chunks_returned_to_freelist: 386.
num_chunks_taken_from_freelist: 4479.
num_chunk_merges: 132.
num_chunk_splits: 3131.
num_chunks_enlarged: 2318.
num_inconsistent_stats: 0.

CodeCache: size=49152Kb used=20133Kb max_used=20485Kb free=29018Kb
 bounds [0x000000010b353000, 0x000000010c763000, 0x000000010e353000]
 total_blobs=12461 nmethods=11713 adapters=675
 compilation: enabled
              stopped_count=0, restarted_count=0
 full_count=0

Compilation events (20 events):
Event: 1917.781 Thread 0x00007ff057049e00 11732       1       jakarta.servlet.ServletRequestWrapper::getCharacterEncoding (10 bytes)
Event: 1917.781 Thread 0x00007ff057049e00 nmethod 11732 0x000000010c65fd90 code [0x000000010c65ff40, 0x000000010c660020]
Event: 1917.781 Thread 0x00007ff057049e00 11733       1       org.springframework.http.MediaType::<init> (21 bytes)
Event: 1917.785 Thread 0x00007ff057049e00 nmethod 11733 0x000000010c65f890 code [0x000000010c65fa60, 0x000000010c65fc20]
Event: 1917.785 Thread 0x00007ff057049e00 11738       1       com.fasterxml.jackson.databind.ser.std.StdKeySerializers$StringKeySerializer::serialize (9 bytes)
Event: 1917.786 Thread 0x00007ff057049e00 nmethod 11738 0x000000010c65f510 code [0x000000010c65f6c0, 0x000000010c65f7e0]
Event: 1917.788 Thread 0x00007ff057049e00 11739       1       com.fasterxml.jackson.databind.ser.std.MapSerializer::_findSerializer (63 bytes)
Event: 1917.813 Thread 0x00007ff057049e00 nmethod 11739 0x000000010c65ee10 code [0x000000010c65f000, 0x000000010c65f2e0]
Event: 1917.813 Thread 0x00007ff057049e00 11734   !   1       org.springframework.http.MediaType::parseMediaType (41 bytes)
Event: 1917.820 Thread 0x00007ff057049e00 nmethod 11734 0x000000010c65e490 code [0x000000010c65e680, 0x000000010c65eab0]
Event: 1917.820 Thread 0x00007ff057049e00 11735       1       org.springframework.util.MimeTypeUtils::parseMimeType (43 bytes)
Event: 1917.822 Thread 0x00007ff057049e00 nmethod 11735 0x000000010c65de90 code [0x000000010c65e060, 0x000000010c65e2f0]
Event: 1917.822 Thread 0x00007ff057049e00 11736       1       org.springframework.util.MimeType::<init> (45 bytes)
Event: 1917.823 Thread 0x00007ff057049e00 nmethod 11736 0x000000010c65d990 code [0x000000010c65db40, 0x000000010c65de10]
Event: 1917.823 Thread 0x00007ff057049e00 11737       1       org.springframework.http.MediaType$$Lambda$1477/0x000000011696d078::<init> (10 bytes)
Event: 1917.823 Thread 0x00007ff057049e00 nmethod 11737 0x000000010c65d690 code [0x000000010c65d820, 0x000000010c65d930]
Event: 1917.823 Thread 0x00007ff057049e00 11740       1       org.springframework.web.method.support.ModelAndViewContainer::isRequestHandled (5 bytes)
Event: 1917.823 Thread 0x00007ff057049e00 nmethod 11740 0x000000010c65d390 code [0x000000010c65d520, 0x000000010c65d5f0]
Event: 1917.823 Thread 0x00007ff057049e00 11741       1       org.springframework.http.HttpEntity::getBody (5 bytes)
Event: 1917.824 Thread 0x00007ff057049e00 nmethod 11741 0x000000010c65d090 code [0x000000010c65d220, 0x000000010c65d2f0]

GC Heap History (20 events):
Event: 25.781 GC heap before
{Heap before GC invocations=24 (full 0):
 garbage-first heap   total 102400K, used 69428K [0x0000000780000000, 0x0000000800000000)
  region size 1024K, 26 young (26624K), 1 survivors (1024K)
 Metaspace       used 80385K, committed 81088K, reserved 1179648K
  class space    used 11780K, committed 12096K, reserved 1048576K
}
Event: 25.784 GC heap after
{Heap after GC invocations=25 (full 0):
 garbage-first heap   total 102400K, used 44820K [0x0000000780000000, 0x0000000800000000)
  region size 1024K, 2 young (2048K), 2 survivors (2048K)
 Metaspace       used 80385K, committed 81088K, reserved 1179648K
  class space    used 11780K, committed 12096K, reserved 1048576K
}
Event: 25.828 GC heap before
{Heap before GC invocations=25 (full 0):
 garbage-first heap   total 102400K, used 47892K [0x0000000780000000, 0x0000000800000000)
  region size 1024K, 5 young (5120K), 2 survivors (2048K)
 Metaspace       used 80838K, committed 81600K, reserved 1179648K
  class space    used 11842K, committed 12160K, reserved 1048576K
}
Event: 25.831 GC heap after
{Heap after GC invocations=26 (full 0):
 garbage-first heap   total 102400K, used 44731K [0x0000000780000000, 0x0000000800000000)
  region size 1024K, 1 young (1024K), 1 survivors (1024K)
 Metaspace       used 80838K, committed 81600K, reserved 1179648K
  class space    used 11842K, committed 12160K, reserved 1048576K
}
Event: 27.081 GC heap before
{Heap before GC invocations=26 (full 0):
 garbage-first heap   total 102400K, used 81595K [0x0000000780000000, 0x0000000800000000)
  region size 1024K, 38 young (38912K), 1 survivors (1024K)
 Metaspace       used 82700K, committed 83392K, reserved 1179648K
  class space    used 12011K, committed 12352K, reserved 1048576K
}
Event: 27.083 GC heap after
{Heap after GC invocations=27 (full 0):
 garbage-first heap   total 102400K, used 46699K [0x0000000780000000, 0x0000000800000000)
  region size 1024K, 3 young (3072K), 3 survivors (3072K)
 Metaspace       used 82700K, committed 83392K, reserved 1179648K
  class space    used 12011K, committed 12352K, reserved 1048576K
}
Event: 103.987 GC heap before
{Heap before GC invocations=27 (full 0):
 garbage-first heap   total 102400K, used 82539K [0x0000000780000000, 0x0000000800000000)
  region size 1024K, 38 young (38912K), 3 survivors (3072K)
 Metaspace       used 85056K, committed 85888K, reserved 1179648K
  class space    used 12292K, committed 12672K, reserved 1048576K
}
Event: 103.994 GC heap after
{Heap after GC invocations=28 (full 0):
 garbage-first heap   total 102400K, used 48245K [0x0000000780000000, 0x0000000800000000)
  region size 1024K, 4 young (4096K), 4 survivors (4096K)
 Metaspace       used 85056K, committed 85888K, reserved 1179648K
  class space    used 12292K, committed 12672K, reserved 1048576K
}
Event: 764.463 GC heap before
{Heap before GC invocations=28 (full 0):
 garbage-first heap   total 102400K, used 84085K [0x0000000780000000, 0x0000000800000000)
  region size 1024K, 39 young (39936K), 4 survivors (4096K)
 Metaspace       used 85057K, committed 85888K, reserved 1179648K
  class space    used 12292K, committed 12672K, reserved 1048576K
}
Event: 764.549 GC heap after
{Heap after GC invocations=29 (full 0):
 garbage-first heap   total 102400K, used 48448K [0x0000000780000000, 0x0000000800000000)
  region size 1024K, 2 young (2048K), 2 survivors (2048K)
 Metaspace       used 85057K, committed 85888K, reserved 1179648K
  class space    used 12292K, committed 12672K, reserved 1048576K
}
Event: 1149.828 GC heap before
{Heap before GC invocations=29 (full 0):
 garbage-first heap   total 102400K, used 85312K [0x0000000780000000, 0x0000000800000000)
  region size 1024K, 38 young (38912K), 2 survivors (2048K)
 Metaspace       used 85444K, committed 86336K, reserved 1179648K
  class space    used 12365K, committed 12800K, reserved 1048576K
}
Event: 1150.570 GC heap after
{Heap after GC invocations=30 (full 0):
 garbage-first heap   total 102400K, used 48860K [0x0000000780000000, 0x0000000800000000)
  region size 1024K, 3 young (3072K), 3 survivors (3072K)
 Metaspace       used 85444K, committed 86336K, reserved 1179648K
  class space    used 12365K, committed 12800K, reserved 1048576K
}
Event: 1363.007 GC heap before
{Heap before GC invocations=31 (full 0):
 garbage-first heap   total 102400K, used 70364K [0x0000000780000000, 0x0000000800000000)
  region size 1024K, 24 young (24576K), 3 survivors (3072K)
 Metaspace       used 85094K, committed 86336K, reserved 1179648K
  class space    used 12286K, committed 12800K, reserved 1048576K
}
Event: 1363.096 GC heap after
{Heap after GC invocations=32 (full 0):
 garbage-first heap   total 102400K, used 49064K [0x0000000780000000, 0x0000000800000000)
  region size 1024K, 1 young (1024K), 1 survivors (1024K)
 Metaspace       used 85094K, committed 86336K, reserved 1179648K
  class space    used 12286K, committed 12800K, reserved 1048576K
}
Event: 1372.163 GC heap before
{Heap before GC invocations=32 (full 0):
 garbage-first heap   total 102400K, used 53160K [0x0000000780000000, 0x0000000800000000)
  region size 1024K, 5 young (5120K), 1 survivors (1024K)
 Metaspace       used 85094K, committed 86336K, reserved 1179648K
  class space    used 12286K, committed 12800K, reserved 1048576K
}
Event: 1372.207 GC heap after
{Heap after GC invocations=33 (full 0):
 garbage-first heap   total 102400K, used 47189K [0x0000000780000000, 0x0000000800000000)
  region size 1024K, 1 young (1024K), 1 survivors (1024K)
 Metaspace       used 85094K, committed 86336K, reserved 1179648K
  class space    used 12286K, committed 12800K, reserved 1048576K
}
Event: 1451.880 GC heap before
{Heap before GC invocations=33 (full 0):
 garbage-first heap   total 102400K, used 51285K [0x0000000780000000, 0x0000000800000000)
  region size 1024K, 5 young (5120K), 1 survivors (1024K)
 Metaspace       used 85094K, committed 86336K, reserved 1179648K
  class space    used 12286K, committed 12800K, reserved 1048576K
}
Event: 1452.081 GC heap after
{Heap after GC invocations=34 (full 0):
 garbage-first heap   total 102400K, used 45866K [0x0000000780000000, 0x0000000800000000)
  region size 1024K, 1 young (1024K), 1 survivors (1024K)
 Metaspace       used 85094K, committed 86336K, reserved 1179648K
  class space    used 12286K, committed 12800K, reserved 1048576K
}
Event: 1917.704 GC heap before
{Heap before GC invocations=34 (full 0):
 garbage-first heap   total 102400K, used 85802K [0x0000000780000000, 0x0000000800000000)
  region size 1024K, 40 young (40960K), 1 survivors (1024K)
 Metaspace       used 85168K, committed 86336K, reserved 1179648K
  class space    used 12302K, committed 12800K, reserved 1048576K
}
Event: 1917.748 GC heap after
{Heap after GC invocations=35 (full 0):
 garbage-first heap   total 102400K, used 47087K [0x0000000780000000, 0x0000000800000000)
  region size 1024K, 2 young (2048K), 2 survivors (2048K)
 Metaspace       used 85168K, committed 86336K, reserved 1179648K
  class space    used 12302K, committed 12800K, reserved 1048576K
}

Deoptimization events (6 events):
Event: 3.065 Thread 0x00007ff05b0f6400 DEOPT PACKING pc=0x000000010b9d6b8c sp=0x000070000c693290
Event: 3.065 Thread 0x00007ff05b0f6400 DEOPT UNPACKING pc=0x000000010b3a582f sp=0x000070000c692768 mode 0
Event: 6.056 Thread 0x00007ff05b0f6400 DEOPT PACKING pc=0x000000010b8017d8 sp=0x000070000c691ff0
Event: 6.056 Thread 0x00007ff05b0f6400 DEOPT UNPACKING pc=0x000000010b3a582f sp=0x000070000c691528 mode 3
Event: 6.168 Thread 0x00007ff05b0f6400 DEOPT PACKING pc=0x000000010b807464 sp=0x000070000c6924c0
Event: 6.168 Thread 0x00007ff05b0f6400 DEOPT UNPACKING pc=0x000000010b3a582f sp=0x000070000c691a38 mode 0

Classes unloaded (20 events):
Event: 1151.008 Thread 0x00007ff0562095f0 Unloading class 0x00000001160c2800 'java/lang/invoke/LambdaForm$MH+0x00000001160c2800'
Event: 1151.008 Thread 0x00007ff0562095f0 Unloading class 0x00000001160c2400 'java/lang/invoke/LambdaForm$MH+0x00000001160c2400'
Event: 1151.008 Thread 0x00007ff0562095f0 Unloading class 0x00000001160c2000 'java/lang/invoke/LambdaForm$MH+0x00000001160c2000'
Event: 1151.008 Thread 0x00007ff0562095f0 Unloading class 0x00000001160c0800 'jdk/internal/reflect/GeneratedSerializationConstructorAccessor3'
Event: 1151.009 Thread 0x00007ff0562095f0 Unloading class 0x00000001160c0400 'jdk/internal/reflect/GeneratedSerializationConstructorAccessor2'
Event: 1151.009 Thread 0x00007ff0562095f0 Unloading class 0x00000001160c0000 'jdk/internal/reflect/GeneratedSerializationConstructorAccessor1'
Event: 1151.009 Thread 0x00007ff0562095f0 Unloading class 0x0000000116008400 'jdk/internal/reflect/GeneratedConstructorAccessor1'
Event: 1151.009 Thread 0x00007ff0562095f0 Unloading class 0x0000000116007c00 'java/lang/invoke/LambdaForm$MH+0x0000000116007c00'
Event: 1151.009 Thread 0x00007ff0562095f0 Unloading class 0x0000000116007800 'java/lang/invoke/LambdaForm$MH+0x0000000116007800'
Event: 1151.009 Thread 0x00007ff0562095f0 Unloading class 0x0000000116007400 'java/lang/invoke/LambdaForm$MH+0x0000000116007400'
Event: 1151.009 Thread 0x00007ff0562095f0 Unloading class 0x0000000116007000 'java/lang/invoke/LambdaForm$MH+0x0000000116007000'
Event: 1151.009 Thread 0x00007ff0562095f0 Unloading class 0x0000000116006c00 'java/lang/invoke/LambdaForm$MH+0x0000000116006c00'
Event: 1151.009 Thread 0x00007ff0562095f0 Unloading class 0x0000000116006800 'java/lang/invoke/LambdaForm$MH+0x0000000116006800'
Event: 1151.009 Thread 0x00007ff0562095f0 Unloading class 0x0000000116005800 'java/lang/invoke/LambdaForm$MH+0x0000000116005800'
Event: 1151.009 Thread 0x00007ff0562095f0 Unloading class 0x0000000116005400 'java/lang/invoke/LambdaForm$MH+0x0000000116005400'
Event: 1151.009 Thread 0x00007ff0562095f0 Unloading class 0x0000000116004c00 'java/lang/invoke/LambdaForm$MH+0x0000000116004c00'
Event: 1151.009 Thread 0x00007ff0562095f0 Unloading class 0x0000000116004000 'java/lang/invoke/LambdaForm$MH+0x0000000116004000'
Event: 1151.009 Thread 0x00007ff0562095f0 Unloading class 0x0000000116003800 'java/lang/invoke/LambdaForm$MH+0x0000000116003800'
Event: 1151.009 Thread 0x00007ff0562095f0 Unloading class 0x0000000116003000 'java/lang/invoke/LambdaForm$MH+0x0000000116003000'
Event: 1151.010 Thread 0x00007ff0562095f0 Unloading class 0x0000000116002800 'java/lang/invoke/LambdaForm$MH+0x0000000116002800'

Classes redefined (0 events):
No events

Internal exceptions (20 events):
Event: 25.400 Thread 0x00007ff057a6a400 Exception <a 'java/lang/NoSuchMethodError'{0x00000007840406e0}: 'java.lang.Object java.lang.invoke.DirectMethodHandle$Holder.invokeStatic(java.lang.Object, java.lang.Object, int, int)'> (0x00000007840406e0) 
thrown [open/src/hotspot/share/interpreter/linkResolver.cpp, line 759]
Event: 25.400 Thread 0x00007ff057a6a400 Exception <a 'java/lang/NoSuchMethodError'{0x00000007840446a8}: 'java.lang.Object java.lang.invoke.DirectMethodHandle$Holder.invokeStaticInit(java.lang.Object, java.lang.Object, int, int)'> (0x00000007840446a8) 
thrown [open/src/hotspot/share/interpreter/linkResolver.cpp, line 759]
Event: 26.131 Thread 0x00007ff057a6a400 Exception <a 'java/lang/ClassNotFoundException'{0x0000000784c7f638}: sun/awt/resources/spi/awtProvider> (0x0000000784c7f638) 
thrown [open/src/hotspot/share/classfile/systemDictionary.cpp, line 256]
Event: 26.158 Thread 0x00007ff057a6a400 Exception <a 'java/io/FileNotFoundException'{0x0000000784c89d18}> (0x0000000784c89d18) 
thrown [open/src/hotspot/share/prims/jni.cpp, line 516]
Event: 26.158 Thread 0x00007ff057a6a400 Exception <a 'java/io/FileNotFoundException'{0x0000000784c8b738}> (0x0000000784c8b738) 
thrown [open/src/hotspot/share/prims/jni.cpp, line 516]
Event: 26.190 Thread 0x00007ff057a6a400 Exception <a 'java/lang/ClassNotFoundException'{0x0000000784cab918}: sun/awt/resources/spi/awtosxProvider> (0x0000000784cab918) 
thrown [open/src/hotspot/share/classfile/systemDictionary.cpp, line 256]
Event: 27.250 Thread 0x00007ff057a6a400 Exception <a 'java/lang/NoSuchMethodError'{0x0000000784866d60}: 'void java.lang.invoke.DirectMethodHandle$Holder.invokeVirtual(java.lang.Object, java.lang.Object, java.lang.Object, int)'> (0x0000000784866d60) 
thrown [open/src/hotspot/share/interpreter/linkResolver.cpp, line 759]
Event: 27.267 Thread 0x00007ff057a6a400 Exception <a 'java/lang/NoSuchMethodError'{0x00000007848a6100}: 'void java.lang.invoke.DirectMethodHandle$Holder.invokeStatic(java.lang.Object, java.lang.Object, java.lang.Object, int)'> (0x00000007848a6100) 
thrown [open/src/hotspot/share/interpreter/linkResolver.cpp, line 759]
Event: 27.267 Thread 0x00007ff057a6a400 Exception <a 'java/lang/NoSuchMethodError'{0x00000007848a9db8}: 'void java.lang.invoke.DirectMethodHandle$Holder.invokeStaticInit(java.lang.Object, java.lang.Object, java.lang.Object, int)'> (0x00000007848a9db8) 
thrown [open/src/hotspot/share/interpreter/linkResolver.cpp, line 759]
Event: 27.296 Thread 0x00007ff057a6a400 Exception <a 'java/lang/ClassNotFoundException'{0x00000007847d1e10}: com/sun/org/apache/xalan/internal/xsltc/compiler/util/spi/ErrorMessagesProvider> (0x00000007847d1e10) 
thrown [open/src/hotspot/share/classfile/systemDictionary.cpp, line 256]
Event: 27.303 Thread 0x00007ff057a6a400 Exception <a 'java/lang/ClassNotFoundException'{0x00000007847e75b0}: com/sun/org/apache/xml/internal/serializer/spi/XMLEntitiesProvider> (0x00000007847e75b0) 
thrown [open/src/hotspot/share/classfile/systemDictionary.cpp, line 256]
Event: 872.600 Thread 0x00007ff057957200 Exception <a 'java/lang/reflect/InvocationTargetException'{0x000000078530e3d8}> (0x000000078530e3d8) 
thrown [open/src/hotspot/share/runtime/reflection.cpp, line 1121]
Event: 904.542 Thread 0x00007ff057956200 Exception <a 'java/lang/NoSuchMethodError'{0x0000000784a6d2f8}: static [Ljava/lang/Integer;.<clinit>()V> (0x0000000784a6d2f8) 
thrown [open/src/hotspot/share/prims/jni.cpp, line 1112]
Event: 1204.337 Thread 0x00007ff057956200 Exception <a 'java/lang/NoSuchMethodError'{0x00000007870e3338}: static [B.<clinit>()V> (0x00000007870e3338) 
thrown [open/src/hotspot/share/prims/jni.cpp, line 1112]
Event: 1292.460 Thread 0x00007ff05b11a600 Exception <a 'java/lang/reflect/InvocationTargetException'{0x00000007856a2238}> (0x00000007856a2238) 
thrown [open/src/hotspot/share/runtime/reflection.cpp, line 1121]
Event: 1292.479 Thread 0x00007ff058900200 Exception <a 'java/lang/reflect/InvocationTargetException'{0x00000007856adaa0}> (0x00000007856adaa0) 
thrown [open/src/hotspot/share/runtime/reflection.cpp, line 1121]
Event: 1292.485 Thread 0x00007ff057957200 Exception <a 'java/lang/reflect/InvocationTargetException'{0x00000007856cfed0}> (0x00000007856cfed0) 
thrown [open/src/hotspot/share/runtime/reflection.cpp, line 1121]
Event: 1317.262 Thread 0x00007ff057a6a400 Exception <a 'sun/net/ConnectionResetException'{0x00000007851ec1d8}: Connection reset> (0x00000007851ec1d8) 
thrown [open/src/hotspot/share/prims/jni.cpp, line 535]
Event: 1317.262 Thread 0x00007ff058900200 Exception <a 'sun/net/ConnectionResetException'{0x00000007855fc218}: Connection reset> (0x00000007855fc218) 
thrown [open/src/hotspot/share/prims/jni.cpp, line 535]
Event: 1504.324 Thread 0x00007ff057956200 Exception <a 'java/lang/NoSuchMethodError'{0x0000000786f02ba0}: static [B.<clinit>()V> (0x0000000786f02ba0) 
thrown [open/src/hotspot/share/prims/jni.cpp, line 1112]

VM Operations (20 events):
Event: 1451.880 Executing VM operation: G1CollectForAllocation
Event: 1452.081 Executing VM operation: G1CollectForAllocation done
Event: 1564.309 Executing VM operation: Cleanup
Event: 1564.310 Executing VM operation: Cleanup done
Event: 1569.325 Executing VM operation: Cleanup
Event: 1569.325 Executing VM operation: Cleanup done
Event: 1586.381 Executing VM operation: Cleanup
Event: 1586.381 Executing VM operation: Cleanup done
Event: 1587.383 Executing VM operation: Cleanup
Event: 1587.383 Executing VM operation: Cleanup done
Event: 1588.388 Executing VM operation: Cleanup
Event: 1588.388 Executing VM operation: Cleanup done
Event: 1623.074 Executing VM operation: HandshakeAllThreads
Event: 1623.076 Executing VM operation: HandshakeAllThreads done
Event: 1761.360 Executing VM operation: Cleanup
Event: 1761.360 Executing VM operation: Cleanup done
Event: 1762.365 Executing VM operation: Cleanup
Event: 1762.366 Executing VM operation: Cleanup done
Event: 1917.703 Executing VM operation: G1CollectForAllocation
Event: 1917.748 Executing VM operation: G1CollectForAllocation done

Events (20 events):
Event: 1917.693 loading class jdk/internal/reflect/GeneratedMethodAccessor179
Event: 1917.693 loading class jdk/internal/reflect/GeneratedMethodAccessor179 done
Event: 1917.700 loading class jdk/internal/reflect/GeneratedMethodAccessor179
Event: 1917.700 loading class jdk/internal/reflect/GeneratedMethodAccessor179 done
Event: 1917.700 loading class jdk/internal/reflect/GeneratedMethodAccessor179
Event: 1917.700 loading class jdk/internal/reflect/GeneratedMethodAccessor179 done
Event: 1917.701 loading class jdk/internal/reflect/GeneratedMethodAccessor179
Event: 1917.701 loading class jdk/internal/reflect/GeneratedMethodAccessor179 done
Event: 1917.701 loading class jdk/internal/reflect/GeneratedMethodAccessor179
Event: 1917.701 loading class jdk/internal/reflect/GeneratedMethodAccessor179 done
Event: 1917.702 loading class jdk/internal/reflect/GeneratedMethodAccessor179
Event: 1917.702 loading class jdk/internal/reflect/GeneratedMethodAccessor179 done
Event: 1917.702 loading class jdk/internal/reflect/GeneratedMethodAccessor179
Event: 1917.702 loading class jdk/internal/reflect/GeneratedMethodAccessor179 done
Event: 1917.703 loading class jdk/internal/reflect/GeneratedMethodAccessor179
Event: 1917.703 loading class jdk/internal/reflect/GeneratedMethodAccessor179 done
Event: 1917.703 loading class jdk/internal/reflect/GeneratedMethodAccessor179
Event: 1917.703 loading class jdk/internal/reflect/GeneratedMethodAccessor179 done
Event: 1917.755 loading class jdk/internal/reflect/GeneratedMethodAccessor179
Event: 1917.755 loading class jdk/internal/reflect/GeneratedMethodAccessor179 done


Dynamic libraries:
0x0000000101ad9000 	/Library/Java/JavaVirtualMachines/jdk-17.jdk/Contents/Home/lib/libjli.dylib
0x00007ff810686000 	/usr/lib/libz.1.dylib
0x00007ff810771000 	/usr/lib/libSystem.B.dylib
0x00007ff81076b000 	/usr/lib/system/libcache.dylib
0x00007ff810724000 	/usr/lib/system/libcommonCrypto.dylib
0x00007ff81074e000 	/usr/lib/system/libcompiler_rt.dylib
0x00007ff810742000 	/usr/lib/system/libcopyfile.dylib
0x00007ff801fae000 	/usr/lib/system/libcorecrypto.dylib
0x00007ff8020ac000 	/usr/lib/system/libdispatch.dylib
0x00007ff80225f000 	/usr/lib/system/libdyld.dylib
0x00007ff810761000 	/usr/lib/system/libkeymgr.dylib
0x00007ff810709000 	/usr/lib/system/libmacho.dylib
0x00007ff80fa42000 	/usr/lib/system/libquarantine.dylib
0x00007ff81075e000 	/usr/lib/system/libremovefile.dylib
0x00007ff807e8f000 	/usr/lib/system/libsystem_asl.dylib
0x00007ff801f48000 	/usr/lib/system/libsystem_blocks.dylib
0x00007ff8020f7000 	/usr/lib/system/libsystem_c.dylib
0x00007ff810756000 	/usr/lib/system/libsystem_collections.dylib
0x00007ff80e911000 	/usr/lib/system/libsystem_configuration.dylib
0x00007ff80d667000 	/usr/lib/system/libsystem_containermanager.dylib
0x00007ff8102cf000 	/usr/lib/system/libsystem_coreservices.dylib
0x00007ff8058c0000 	/usr/lib/system/libsystem_darwin.dylib
0x00007ffd11fb4000 	/usr/lib/system/libsystem_darwindirectory.dylib
0x00007ff810762000 	/usr/lib/system/libsystem_dnssd.dylib
0x00007ffd11fb9000 	/usr/lib/system/libsystem_eligibility.dylib
0x00007ff8020f4000 	/usr/lib/system/libsystem_featureflags.dylib
0x00007ff802298000 	/usr/lib/system/libsystem_info.dylib
0x00007ff81069a000 	/usr/lib/system/libsystem_m.dylib
0x00007ff802061000 	/usr/lib/system/libsystem_malloc.dylib
0x00007ff807dff000 	/usr/lib/system/libsystem_networkextension.dylib
0x00007ff805cfc000 	/usr/lib/system/libsystem_notify.dylib
0x00007ff80e915000 	/usr/lib/system/libsystem_sandbox.dylib
0x00007ffd11fc1000 	/usr/lib/system/libsystem_sanitizers.dylib
0x00007ff81075b000 	/usr/lib/system/libsystem_secinit.dylib
0x00007ff802216000 	/usr/lib/system/libsystem_kernel.dylib
0x00007ff80228e000 	/usr/lib/system/libsystem_platform.dylib
0x00007ff802253000 	/usr/lib/system/libsystem_pthread.dylib
0x00007ff809c3e000 	/usr/lib/system/libsystem_symptoms.dylib
0x00007ff801f93000 	/usr/lib/system/libsystem_trace.dylib
0x00007ff810731000 	/usr/lib/system/libunwind.dylib
0x00007ff801f4c000 	/usr/lib/system/libxpc.dylib
0x00007ff801e67000 	/usr/lib/libobjc.A.dylib
0x00007ff8022c6000 	/System/Library/Frameworks/CoreFoundation.framework/Versions/A/CoreFoundation
0x00007ff81414c000 	/usr/lib/swift/libswiftCore.dylib
0x00007ff8021ff000 	/usr/lib/libc++abi.dylib
0x00007ffd10a13000 	/usr/lib/libRosetta.dylib
0x00007ff802180000 	/usr/lib/libc++.1.dylib
0x00007ff803427000 	/System/Library/Frameworks/Foundation.framework/Versions/C/Foundation
0x00007ff81cf6b000 	/usr/lib/swift/libswiftObjectiveC.dylib
0x00007ff805bb4000 	/System/Library/PrivateFrameworks/CoreServicesInternal.framework/Versions/A/CoreServicesInternal
0x00007ff81073a000 	/usr/lib/liboah.dylib
0x00007ff810773000 	/usr/lib/libfakelink.dylib
0x00007ff805617000 	/usr/lib/libicucore.A.dylib
0x00007ff810776000 	/System/Library/PrivateFrameworks/SoftLinking.framework/Versions/A/SoftLinking
0x00007ff818638000 	/System/Library/Frameworks/CoreServices.framework/Versions/A/CoreServices
0x00007ff805233000 	/System/Library/Frameworks/Security.framework/Versions/A/Security
0x00007ff805c36000 	/System/Library/Frameworks/IOKit.framework/Versions/A/IOKit
0x00007ff81c57b000 	/System/Library/PrivateFrameworks/DiskImages.framework/Versions/A/DiskImages
0x00007ff9080c9000 	/System/Library/Frameworks/NetFS.framework/Versions/A/NetFS
0x00007ff807a58000 	/System/Library/Frameworks/CFNetwork.framework/Versions/A/CFNetwork
0x00007ff80bbf7000 	/System/Library/Frameworks/CoreServices.framework/Versions/A/Frameworks/FSEvents.framework/Versions/A/FSEvents
0x00007ff8058cb000 	/System/Library/Frameworks/CoreServices.framework/Versions/A/Frameworks/CarbonCore.framework/Versions/A/CarbonCore
0x00007ff80ade5000 	/System/Library/Frameworks/CoreServices.framework/Versions/A/Frameworks/Metadata.framework/Versions/A/Metadata
0x00007ff8102d6000 	/System/Library/Frameworks/CoreServices.framework/Versions/A/Frameworks/OSServices.framework/Versions/A/OSServices
0x00007ff8108a0000 	/System/Library/Frameworks/CoreServices.framework/Versions/A/Frameworks/SearchKit.framework/Versions/A/SearchKit
0x00007ff809bbe000 	/System/Library/Frameworks/CoreServices.framework/Versions/A/Frameworks/AE.framework/Versions/A/AE
0x00007ff80277b000 	/System/Library/Frameworks/CoreServices.framework/Versions/A/Frameworks/LaunchServices.framework/Versions/A/LaunchServices
0x00007ff811eb3000 	/System/Library/Frameworks/CoreServices.framework/Versions/A/Frameworks/DictionaryServices.framework/Versions/A/DictionaryServices
0x00007ff80bc05000 	/System/Library/Frameworks/CoreServices.framework/Versions/A/Frameworks/SharedFileList.framework/Versions/A/SharedFileList
0x00007ff8030b3000 	/System/Library/Frameworks/SystemConfiguration.framework/Versions/A/SystemConfiguration
0x00007ff810922000 	/usr/lib/libapple_nghttp2.dylib
0x00007ff81096f000 	/usr/lib/libcompression.dylib
0x00007ff80981a000 	/usr/lib/libsqlite3.dylib
0x00007ff80ad58000 	/System/Library/PrivateFrameworks/CoreAnalytics.framework/Versions/A/CoreAnalytics
0x00007ff808394000 	/System/Library/Frameworks/CoreGraphics.framework/Versions/A/CoreGraphics
0x00007ff814d63000 	/System/Library/Frameworks/GSS.framework/Versions/A/GSS
0x00007ff813355000 	/System/Library/PrivateFrameworks/InternationalSupport.framework/Versions/A/InternationalSupport
0x00007ff809b59000 	/System/Library/PrivateFrameworks/RunningBoardServices.framework/Versions/A/RunningBoardServices
0x00007ff807e19000 	/usr/lib/libenergytrace.dylib
0x00007ff809c46000 	/System/Library/Frameworks/Network.framework/Versions/A/Network
0x00007ff80ad86000 	/usr/lib/libDiagnosticMessagesClient.dylib
0x00007ff80fa67000 	/usr/lib/libbsm.0.dylib
0x00007ff81070d000 	/usr/lib/system/libkxld.dylib
0x00007ffb15d7f000 	/System/Library/PrivateFrameworks/AppleKeyStore.framework/Versions/A/AppleKeyStore
0x00007ffd108e0000 	/usr/lib/libCoreEntitlements.dylib
0x00007ffc10125000 	/System/Library/PrivateFrameworks/MessageSecurity.framework/Versions/A/MessageSecurity
0x00007ff809800000 	/System/Library/PrivateFrameworks/ProtocolBuffer.framework/Versions/A/ProtocolBuffer
0x00007ff807e1a000 	/usr/lib/libMobileGestalt.dylib
0x00007ff8102b5000 	/System/Library/PrivateFrameworks/AppleFSCompression.framework/Versions/A/AppleFSCompression
0x00007ff80fa4f000 	/usr/lib/libcoretls.dylib
0x00007ff811f21000 	/usr/lib/libcoretls_cfhelpers.dylib
0x00007ff810969000 	/usr/lib/libpam.2.dylib
0x00007ff811f9b000 	/usr/lib/libxar.1.dylib
0x00007ff80bc30000 	/System/Library/PrivateFrameworks/CoreAutoLayout.framework/Versions/A/CoreAutoLayout
0x00007ff80ae6d000 	/System/Library/Frameworks/DiskArbitration.framework/Versions/A/DiskArbitration
0x00007ff8107c5000 	/usr/lib/libarchive.2.dylib
0x00007ff80bc7a000 	/usr/lib/libxml2.2.dylib
0x00007ff80e922000 	/usr/lib/liblangid.dylib
0x00007ff8164a7000 	/System/Library/Frameworks/Combine.framework/Versions/A/Combine
0x00007ffb19d3a000 	/System/Library/PrivateFrameworks/CollectionsInternal.framework/Versions/A/CollectionsInternal
0x00007ffc1857d000 	/System/Library/PrivateFrameworks/ReflectionInternal.framework/Versions/A/ReflectionInternal
0x00007ffc19127000 	/System/Library/PrivateFrameworks/RuntimeInternal.framework/Versions/A/RuntimeInternal
0x00007ff90af6e000 	/usr/lib/swift/libswiftCoreFoundation.dylib
0x00007ff908591000 	/usr/lib/swift/libswiftDarwin.dylib
0x00007ff81a40f000 	/usr/lib/swift/libswiftDispatch.dylib
0x00007ff90afbc000 	/usr/lib/swift/libswiftIOKit.dylib
0x00007ffd11c15000 	/usr/lib/swift/libswiftSystem.dylib
0x00007ff90af7e000 	/usr/lib/swift/libswiftXPC.dylib
0x00007ffd11c81000 	/usr/lib/swift/libswift_Builtin_float.dylib
0x00007ffd11c84000 	/usr/lib/swift/libswift_Concurrency.dylib
0x00007ffd11dcd000 	/usr/lib/swift/libswift_StringProcessing.dylib
0x00007ffd11e52000 	/usr/lib/swift/libswift_errno.dylib
0x00007ffd11e54000 	/usr/lib/swift/libswift_math.dylib
0x00007ffd11e57000 	/usr/lib/swift/libswift_signal.dylib
0x00007ffd11e58000 	/usr/lib/swift/libswift_stdio.dylib
0x00007ffd11e59000 	/usr/lib/swift/libswift_time.dylib
0x00007ff81cf6f000 	/usr/lib/swift/libswiftos.dylib
0x00007ffd11e5a000 	/usr/lib/swift/libswiftsys_time.dylib
0x00007ffd11e5b000 	/usr/lib/swift/libswiftunistd.dylib
0x00007ff80e91d000 	/System/Library/PrivateFrameworks/AppleSystemInfo.framework/Versions/A/AppleSystemInfo
0x00007ff90ae60000 	/System/Library/PrivateFrameworks/LoggingSupport.framework/Versions/A/LoggingSupport
0x00007ff819598000 	/System/Library/PrivateFrameworks/PowerLog.framework/Versions/A/PowerLog
0x00007ffb10762000 	/System/Library/Frameworks/SwiftData.framework/Versions/A/SwiftData
0x00007ff807496000 	/System/Library/Frameworks/UniformTypeIdentifiers.framework/Versions/A/UniformTypeIdentifiers
0x00007ff80bdef000 	/System/Library/PrivateFrameworks/UserManagement.framework/Versions/A/UserManagement
0x00007ff80797e000 	/usr/lib/libboringssl.dylib
0x00007ff809c2e000 	/usr/lib/libdns_services.dylib
0x00007ff90a069000 	/usr/lib/libquic.dylib
0x00007ff8140d4000 	/usr/lib/libusrtcp.dylib
0x00007ffa0f3bd000 	/System/Library/PrivateFrameworks/InternalSwiftProtobuf.framework/Versions/A/InternalSwiftProtobuf
0x00007ffd11b59000 	/usr/lib/swift/libswiftDistributed.dylib
0x00007ffd11b82000 	/usr/lib/swift/libswiftObservation.dylib
0x00007ffd11c0b000 	/usr/lib/swift/libswiftSynchronization.dylib
0x00007ff807a57000 	/usr/lib/libnetwork.dylib
0x00007ff91bfc0000 	/System/Library/PrivateFrameworks/OSAnalytics.framework/Versions/A/OSAnalytics
0x00007ff810900000 	/System/Library/PrivateFrameworks/AppleSauce.framework/Versions/A/AppleSauce
0x00007ff81aba3000 	/System/Library/PrivateFrameworks/CoreSymbolication.framework/Versions/A/CoreSymbolication
0x00007ffa0ad49000 	/System/Library/PrivateFrameworks/Symbolication.framework/Versions/A/Symbolication
0x00007ff81ab83000 	/System/Library/PrivateFrameworks/DebugSymbols.framework/Versions/A/DebugSymbols
0x00007ffd1079f000 	/usr/lib/libAppleArchive.dylib
0x00007ff8102c0000 	/usr/lib/libbz2.1.0.dylib
0x00007ff811f01000 	/usr/lib/liblzma.5.dylib
0x00007ff80f757000 	/System/Library/PrivateFrameworks/IOMobileFramebuffer.framework/Versions/A/IOMobileFramebuffer
0x00007ff80d696000 	/System/Library/Frameworks/IOSurface.framework/Versions/A/IOSurface
0x00007ff90aeee000 	/System/Library/PrivateFrameworks/MallocStackLogging.framework/Versions/A/MallocStackLogging
0x00007ff8121f1000 	/System/Library/PrivateFrameworks/CrashReporterSupport.framework/Versions/A/CrashReporterSupport
0x00007ff802e68000 	/System/Library/PrivateFrameworks/Lexicon.framework/Versions/A/Lexicon
0x00007ffc08f70000 	/System/Library/PrivateFrameworks/IO80211.framework/Versions/A/IO80211
0x00007ff81a685000 	/System/Library/PrivateFrameworks/FrontBoardServices.framework/Versions/A/FrontBoardServices
0x00007ff80f981000 	/System/Library/Frameworks/SecurityFoundation.framework/Versions/A/SecurityFoundation
0x00007ff80fad2000 	/usr/lib/libgermantok.dylib
0x00007ff80ea32000 	/System/Library/PrivateFrameworks/LinguisticData.framework/Versions/A/LinguisticData
0x00007ff809a76000 	/System/Library/PrivateFrameworks/BaseBoard.framework/Versions/A/BaseBoard
0x00007ff81a753000 	/System/Library/PrivateFrameworks/BoardServices.framework/Versions/A/BoardServices
0x00007ff80f974000 	/System/Library/PrivateFrameworks/AssertionServices.framework/Versions/A/AssertionServices
0x00007ff81c3b4000 	/System/Library/PrivateFrameworks/BackBoardServices.framework/Versions/A/BackBoardServices
0x00007ff80e0aa000 	/System/Library/Frameworks/ImageIO.framework/Versions/A/ImageIO
0x00007ff807ec7000 	/System/Library/PrivateFrameworks/SkyLight.framework/Versions/A/SkyLight
0x00007ff80dab2000 	/System/Library/PrivateFrameworks/FontServices.framework/libFontParser.dylib
0x00007ff8188e4000 	/System/Library/Frameworks/Accelerate.framework/Versions/A/Accelerate
0x00007ff807ea7000 	/System/Library/PrivateFrameworks/TCC.framework/Versions/A/TCC
0x00007ff81ff39000 	/System/Library/PrivateFrameworks/IOSurfaceAccelerator.framework/Versions/A/IOSurfaceAccelerator
0x00007ff812ad0000 	/System/Library/PrivateFrameworks/WatchdogClient.framework/Versions/A/WatchdogClient
0x00007ff8043cb000 	/System/Library/Frameworks/CoreDisplay.framework/Versions/A/CoreDisplay
0x00007ff80d95e000 	/System/Library/Frameworks/CoreMedia.framework/Versions/A/CoreMedia
0x00007ff80d6ae000 	/System/Library/PrivateFrameworks/IOAccelerator.framework/Versions/A/IOAccelerator
0x00007ff80d6b7000 	/System/Library/Frameworks/Metal.framework/Versions/A/Metal
0x00007ff80bd5d000 	/System/Library/Frameworks/CoreVideo.framework/Versions/A/CoreVideo
0x00007ff810967000 	/System/Library/Frameworks/MetalPerformanceShaders.framework/Versions/A/MetalPerformanceShaders
0x00007ff812ad2000 	/System/Library/PrivateFrameworks/MultitouchSupport.framework/Versions/A/MultitouchSupport
0x00007ff80b53e000 	/System/Library/Frameworks/QuartzCore.framework/Versions/A/QuartzCore
0x00007ffc179ce000 	/System/Library/PrivateFrameworks/ProDisplayLibrary.framework/Versions/A/ProDisplayLibrary
0x00007ff812b16000 	/System/Library/Frameworks/VideoToolbox.framework/Versions/A/VideoToolbox
0x00007ff917e4c000 	/usr/lib/swift/libswiftMetal.dylib
0x00007ffa07205000 	/usr/lib/swift/libswiftOSLog.dylib
0x00007ff91d299000 	/usr/lib/swift/libswiftQuartzCore.dylib
0x00007ffa01d08000 	/usr/lib/swift/libswiftUniformTypeIdentifiers.dylib
0x00007ff90e9d4000 	/usr/lib/swift/libswiftsimd.dylib
0x00007ff80f959000 	/System/Library/PrivateFrameworks/MobileKeyBag.framework/Versions/A/MobileKeyBag
0x00007ff80e91c000 	/System/Library/PrivateFrameworks/AggregateDictionary.framework/Versions/A/AggregateDictionary
0x00007ff811f23000 	/System/Library/PrivateFrameworks/APFS.framework/Versions/A/APFS
0x00007ff811fa9000 	/usr/lib/libutil.dylib
0x00007ffd018b6000 	/System/Library/PrivateFrameworks/SwiftASN1Internal.framework/Versions/A/SwiftASN1Internal
0x00007ff80ae75000 	/System/Library/Frameworks/Accelerate.framework/Versions/A/Frameworks/vImage.framework/Versions/A/vImage
0x00007ff81860f000 	/System/Library/Frameworks/Accelerate.framework/Versions/A/Frameworks/vecLib.framework/Versions/A/vecLib
0x00007ff811fde000 	/System/Library/Frameworks/Accelerate.framework/Versions/A/Frameworks/vecLib.framework/Versions/A/libvMisc.dylib
0x00007ff802c02000 	/System/Library/Frameworks/Accelerate.framework/Versions/A/Frameworks/vecLib.framework/Versions/A/libBLAS.dylib
0x00007ff81caa4000 	/System/Library/Frameworks/ApplicationServices.framework/Versions/A/ApplicationServices
0x00007ff808c87000 	/System/Library/Frameworks/ColorSync.framework/Versions/A/ColorSync
0x00007ff8048b8000 	/System/Library/Frameworks/CoreText.framework/Versions/A/CoreText
0x00007ff814946000 	/System/Library/Frameworks/ApplicationServices.framework/Versions/A/Frameworks/ATS.framework/Versions/A/ATS
0x00007ff808e3c000 	/System/Library/Frameworks/ApplicationServices.framework/Versions/A/Frameworks/HIServices.framework/Versions/A/HIServices
0x00007ff813224000 	/System/Library/Frameworks/ApplicationServices.framework/Versions/A/Frameworks/PrintCore.framework/Versions/A/PrintCore
0x00007ff814d2d000 	/System/Library/Frameworks/ApplicationServices.framework/Versions/A/Frameworks/QD.framework/Versions/A/QD
0x00007ff814d25000 	/System/Library/Frameworks/ApplicationServices.framework/Versions/A/Frameworks/ColorSyncLegacy.framework/Versions/A/ColorSyncLegacy
0x00007ff81491c000 	/System/Library/Frameworks/ApplicationServices.framework/Versions/A/Frameworks/SpeechSynthesis.framework/Versions/A/SpeechSynthesis
0x00007ff80f726000 	/System/Library/PrivateFrameworks/CoreEmoji.framework/Versions/A/CoreEmoji
0x00007ffb1fe0d000 	/System/Library/PrivateFrameworks/FontServices.framework/Versions/A/FontServices
0x00007ff812634000 	/System/Library/PrivateFrameworks/OTSVG.framework/Versions/A/OTSVG
0x00007ff80b8ec000 	/System/Library/Frameworks/ApplicationServices.framework/Versions/A/Frameworks/ATS.framework/Versions/A/Resources/libFontRegistry.dylib
0x00007ffd10f57000 	/usr/lib/libhvf.dylib
0x00007ffc13fb4000 	/System/Library/PrivateFrameworks/ParsingInternal.framework/Versions/A/ParsingInternal
0x00007ffd11b9e000 	/usr/lib/swift/libswiftRegexBuilder.dylib
0x00007ffd11d1f000 	/usr/lib/swift/libswift_RegexParser.dylib
0x00007ff812996000 	/System/Library/PrivateFrameworks/AppleJPEG.framework/Versions/A/AppleJPEG
0x00007ff812454000 	/usr/lib/libexpat.1.dylib
0x00007ff8130eb000 	/System/Library/Frameworks/ImageIO.framework/Versions/A/Resources/libPng.dylib
0x00007ff813119000 	/System/Library/Frameworks/ImageIO.framework/Versions/A/Resources/libTIFF.dylib
0x00007ff81320f000 	/System/Library/Frameworks/ImageIO.framework/Versions/A/Resources/libGIF.dylib
0x00007ff8129e3000 	/System/Library/Frameworks/ImageIO.framework/Versions/A/Resources/libJP2.dylib
0x00007ff812152000 	/usr/lib/libate.dylib
0x00007ff8131ae000 	/System/Library/Frameworks/ImageIO.framework/Versions/A/Resources/libJPEG.dylib
0x00007ff8131a5000 	/System/Library/Frameworks/ImageIO.framework/Versions/A/Resources/libRadiance.dylib
0x00007ffc0515b000 	/System/Library/PrivateFrameworks/GPUCompiler.framework/Versions/32023/Libraries/libllvm-flatbuffers.dylib
0x00007ffb1fed8000 	/System/Library/PrivateFrameworks/FramePacing.framework/Versions/A/FramePacing
0x00007ffb079ef000 	/System/Library/Frameworks/OpenGL.framework/Versions/A/Libraries/libCoreFSCache.dylib
0x00007ffc00d63000 	/System/Library/PrivateFrameworks/GPUCompiler.framework/Versions/32023/Libraries/libGPUCompilerUtils.dylib
0x00007ffb1fe0e000 	/System/Library/PrivateFrameworks/FontServices.framework/libXTFontStaticRegistryData.dylib
0x00007ff80e43e000 	/System/Library/Frameworks/CoreImage.framework/Versions/A/CoreImage
0x00007ffc16caa000 	/System/Library/PrivateFrameworks/PhotosensitivityProcessing.framework/Versions/A/PhotosensitivityProcessing
0x00007ffb079fb000 	/System/Library/Frameworks/OpenGL.framework/Versions/A/OpenGL
0x00007ffb08fbf000 	/System/Library/Frameworks/OpenCL.framework/Versions/A/OpenCL
0x00007ff812625000 	/System/Library/PrivateFrameworks/GraphVisualizer.framework/Versions/A/GraphVisualizer
0x00007ffb07a4d000 	/System/Library/Frameworks/OpenGL.framework/Versions/A/Libraries/libGLU.dylib
0x00007ffb07a0e000 	/System/Library/Frameworks/OpenGL.framework/Versions/A/Libraries/libGFXShared.dylib
0x00007ffb07c0a000 	/System/Library/Frameworks/OpenGL.framework/Versions/A/Libraries/libGL.dylib
0x00007ffb07a17000 	/System/Library/Frameworks/OpenGL.framework/Versions/A/Libraries/libGLImage.dylib
0x00007ffb07a0b000 	/System/Library/Frameworks/OpenGL.framework/Versions/A/Libraries/libCVMSPluginSupport.dylib
0x00007ffb079f6000 	/System/Library/Frameworks/OpenGL.framework/Versions/A/Libraries/libCoreVMClient.dylib
0x00007ff80e856000 	/System/Library/Frameworks/MetalPerformanceShaders.framework/Versions/A/Frameworks/MPSCore.framework/Versions/A/MPSCore
0x00007ff810210000 	/System/Library/Frameworks/MetalPerformanceShaders.framework/Versions/A/Frameworks/MPSImage.framework/Versions/A/MPSImage
0x00007ff80faeb000 	/System/Library/Frameworks/MetalPerformanceShaders.framework/Versions/A/Frameworks/MPSNeuralNetwork.framework/Versions/A/MPSNeuralNetwork
0x00007ff81004b000 	/System/Library/Frameworks/MetalPerformanceShaders.framework/Versions/A/Frameworks/MPSMatrix.framework/Versions/A/MPSMatrix
0x00007ff80fe01000 	/System/Library/Frameworks/MetalPerformanceShaders.framework/Versions/A/Frameworks/MPSRayIntersector.framework/Versions/A/MPSRayIntersector
0x00007ff81008a000 	/System/Library/Frameworks/MetalPerformanceShaders.framework/Versions/A/Frameworks/MPSNDArray.framework/Versions/A/MPSNDArray
0x00007ffb0da71000 	/System/Library/Frameworks/MetalPerformanceShaders.framework/Versions/A/Frameworks/MPSFunctions.framework/Versions/A/MPSFunctions
0x00007ffb0da53000 	/System/Library/Frameworks/MetalPerformanceShaders.framework/Versions/A/Frameworks/MPSBenchmarkLoop.framework/Versions/A/MPSBenchmarkLoop
0x00007ff802a73000 	/System/Library/PrivateFrameworks/MetalTools.framework/Versions/A/MetalTools
0x00007ff90ff21000 	/System/Library/PrivateFrameworks/IOAccelMemoryInfo.framework/Versions/A/IOAccelMemoryInfo
0x00007ff91d69f000 	/System/Library/PrivateFrameworks/kperf.framework/Versions/A/kperf
0x00007ff90af50000 	/System/Library/PrivateFrameworks/GPURawCounter.framework/Versions/A/GPURawCounter
0x00007ff8131e0000 	/System/Library/Frameworks/ApplicationServices.framework/Versions/A/Frameworks/ATSUI.framework/Versions/A/ATSUI
0x00007ff814cb7000 	/usr/lib/libcups.2.dylib
0x00007ff814d54000 	/System/Library/Frameworks/Kerberos.framework/Versions/A/Kerberos
0x00007ff8149bf000 	/usr/lib/libresolv.9.dylib
0x00007ff8107ad000 	/usr/lib/libiconv.2.dylib
0x00007ff81268c000 	/System/Library/PrivateFrameworks/Heimdal.framework/Versions/A/Heimdal
0x00007ff81cec3000 	/System/Library/Frameworks/Kerberos.framework/Versions/A/Libraries/libHeimdalProxy.dylib
0x00007ff812470000 	/usr/lib/libheimdal-asn1.dylib
0x00007ff80bbcf000 	/System/Library/Frameworks/OpenDirectory.framework/Versions/A/OpenDirectory
0x00007ff814dac000 	/System/Library/PrivateFrameworks/CommonAuth.framework/Versions/A/CommonAuth
0x00007ff80bbdb000 	/System/Library/Frameworks/OpenDirectory.framework/Versions/A/Frameworks/CFOpenDirectory.framework/Versions/A/CFOpenDirectory
0x00007ff810708000 	/usr/lib/libcharset.1.dylib
0x00007ffb0aaa7000 	/System/Library/Frameworks/AVFAudio.framework/Versions/A/AVFAudio
0x00007ff9047ad000 	/System/Library/PrivateFrameworks/AXCoreUtilities.framework/Versions/A/AXCoreUtilities
0x00007ff81470d000 	/System/Library/Frameworks/AudioToolbox.framework/Versions/A/AudioToolbox
0x00007ff804af1000 	/System/Library/Frameworks/CoreAudio.framework/Versions/A/CoreAudio
0x00007ffc0c236000 	/System/Library/PrivateFrameworks/IsolatedCoreAudioClient.framework/Versions/A/IsolatedCoreAudioClient
0x00007ff814904000 	/usr/lib/libAudioStatistics.dylib
0x00007ff80d93a000 	/System/Library/PrivateFrameworks/caulk.framework/Versions/A/caulk
0x00007ff8044f6000 	/System/Library/PrivateFrameworks/AudioToolboxCore.framework/Versions/A/AudioToolboxCore
0x00007ff81f362000 	/System/Library/Frameworks/CoreMIDI.framework/Versions/A/CoreMIDI
0x00007ff8148ab000 	/System/Library/PrivateFrameworks/AudioSession.framework/Versions/A/AudioSession
0x00007ff81622b000 	/System/Library/Frameworks/IOBluetooth.framework/Versions/A/IOBluetooth
0x00007ff81255c000 	/System/Library/PrivateFrameworks/MediaExperience.framework/Versions/A/MediaExperience
0x00007ffd042fd000 	/System/Library/PrivateFrameworks/Tightbeam.framework/Versions/A/Tightbeam
0x00007ffb1a6fb000 	/System/Library/PrivateFrameworks/CoreAudioOrchestration.framework/Versions/A/CoreAudioOrchestration
0x00007ffa0234c000 	/System/Library/PrivateFrameworks/AFKUser.framework/Versions/A/AFKUser
0x00007ffa16190000 	/System/Library/PrivateFrameworks/FeatureFlags.framework/Versions/A/FeatureFlags
0x00007ff90af54000 	/usr/lib/swift/libswiftCoreAudio.dylib
0x00007ff81267a000 	/System/Library/PrivateFrameworks/AppServerSupport.framework/Versions/A/AppServerSupport
0x00007ff814d37000 	/System/Library/PrivateFrameworks/perfdata.framework/Versions/A/perfdata
0x00007ff90a156000 	/System/Library/PrivateFrameworks/SystemPolicy.framework/Versions/A/SystemPolicy
0x00007ff814bd6000 	/usr/lib/libSMC.dylib
0x00007ff8130b6000 	/usr/lib/libAudioToolboxUtility.dylib
0x00007ff814d45000 	/usr/lib/libperfcheck.dylib
0x00007ffb16bf8000 	/System/Library/PrivateFrameworks/AudioAnalytics.framework/Versions/A/AudioAnalytics
0x00007ffa0f192000 	/System/Library/Frameworks/OSLog.framework/Versions/A/OSLog
0x00007ff90af1e000 	/usr/lib/libmis.dylib
0x00007ff8146cc000 	/System/Library/PrivateFrameworks/AudioSession.framework/libSessionUtility.dylib
0x00007ff813215000 	/System/Library/PrivateFrameworks/CMCaptureCore.framework/Versions/A/CMCaptureCore
0x00007ff812685000 	/usr/lib/libspindump.dylib
0x00007ffb0bfc4000 	/System/Library/Frameworks/ExtensionFoundation.framework/Versions/A/ExtensionFoundation
0x00007ff81acb5000 	/System/Library/PrivateFrameworks/CoreTime.framework/Versions/A/CoreTime
0x00007ff812344000 	/System/Library/PrivateFrameworks/PlugInKit.framework/Versions/A/PlugInKit
0x00007ff81949e000 	/System/Library/Frameworks/CoreBluetooth.framework/Versions/A/CoreBluetooth
0x00007ff81cec4000 	/System/Library/Frameworks/AudioUnit.framework/Versions/A/AudioUnit
0x00007ff80f7e3000 	/System/Library/PrivateFrameworks/CoreUtils.framework/Versions/A/CoreUtils
0x00007ffb1d889000 	/System/Library/PrivateFrameworks/CoreUtilsExtras.framework/Versions/A/CoreUtilsExtras
0x00007ff818931000 	/System/Library/Frameworks/MediaAccessibility.framework/Versions/A/MediaAccessibility
0x00007ff913307000 	/System/Library/PrivateFrameworks/AttributeGraph.framework/Versions/A/AttributeGraph
0x00007ffd10720000 	/usr/lib/libAXSafeCategoryBundle.dylib
0x00007ff904852000 	/usr/lib/libAccessibility.dylib
0x00007ff80f55a000 	/System/Library/Frameworks/Accelerate.framework/Versions/A/Frameworks/vecLib.framework/Versions/A/libvDSP.dylib
0x00007ff810a55000 	/System/Library/Frameworks/Accelerate.framework/Versions/A/Frameworks/vecLib.framework/Versions/A/libLAPACK.dylib
0x00007ff80fad5000 	/System/Library/Frameworks/Accelerate.framework/Versions/A/Frameworks/vecLib.framework/Versions/A/libLinearAlgebra.dylib
0x00007ff81093d000 	/System/Library/Frameworks/Accelerate.framework/Versions/A/Frameworks/vecLib.framework/Versions/A/libSparseBLAS.dylib
0x00007ff810a4f000 	/System/Library/Frameworks/Accelerate.framework/Versions/A/Frameworks/vecLib.framework/Versions/A/libQuadrature.dylib
0x00007ff80ea38000 	/System/Library/Frameworks/Accelerate.framework/Versions/A/Frameworks/vecLib.framework/Versions/A/libBNNS.dylib
0x00007ff802f6c000 	/System/Library/Frameworks/Accelerate.framework/Versions/A/Frameworks/vecLib.framework/Versions/A/libSparse.dylib
0x00007ffc0d608000 	/System/Library/PrivateFrameworks/MIL.framework/Versions/A/MIL
0x00007ff81319e000 	/System/Library/PrivateFrameworks/GPUWrangler.framework/Versions/A/GPUWrangler
0x00007ff813182000 	/System/Library/PrivateFrameworks/IOPresentment.framework/Versions/A/IOPresentment
0x00007ff8131a8000 	/System/Library/PrivateFrameworks/DSExternalDisplay.framework/Versions/A/DSExternalDisplay
0x00007ffa0f588000 	/System/Library/PrivateFrameworks/HIDDisplay.framework/Versions/A/HIDDisplay
0x00007ff903ac1000 	/System/Library/PrivateFrameworks/HID.framework/Versions/A/HID
0x00007ffd07941000 	/System/Library/PrivateFrameworks/VideoToolboxParavirtualizationSupport.framework/Versions/A/VideoToolboxParavirtualizationSupport
0x00007ff812406000 	/System/Library/PrivateFrameworks/AppleVA.framework/Versions/A/AppleVA
0x00007ff81a800000 	/System/Library/PrivateFrameworks/GraphicsServices.framework/Versions/A/GraphicsServices
0x00007ff8092ef000 	/System/Library/Frameworks/CoreData.framework/Versions/A/CoreData
0x00007ff814f22000 	/System/Library/PrivateFrameworks/CorePhoneNumbers.framework/Versions/A/CorePhoneNumbers
0x00007ff81967a000 	/System/Library/PrivateFrameworks/MediaKit.framework/Versions/A/MediaKit
0x00007ff8195d4000 	/System/Library/Frameworks/DiscRecording.framework/Versions/A/DiscRecording
0x00007ffb0b9fd000 	/System/Library/Frameworks/CoreTransferable.framework/Versions/A/CoreTransferable
0x00007ff814d1a000 	/System/Library/PrivateFrameworks/NetAuth.framework/Versions/A/NetAuth
0x00007ff8124c5000 	/System/Library/PrivateFrameworks/IconServices.framework/Versions/A/IconServices
0x00007ff80bdb1000 	/System/Library/PrivateFrameworks/login.framework/Versions/A/Frameworks/loginsupport.framework/Versions/A/loginsupport
0x00007ff90afbb000 	/usr/lib/swift/libswiftCoreImage.dylib
0x00007ff812479000 	/System/Library/PrivateFrameworks/IconFoundation.framework/Versions/A/IconFoundation
0x00007ff80b939000 	/System/Library/PrivateFrameworks/CoreUI.framework/Versions/A/CoreUI
0x00007ff813297000 	/System/Library/PrivateFrameworks/TextureIO.framework/Versions/A/TextureIO
0x00007ff80e072000 	/System/Library/PrivateFrameworks/CoreSVG.framework/Versions/A/CoreSVG
0x00007ffa01d17000 	/usr/lib/swift/libswiftAccelerate.dylib
0x00007ff8121e8000 	/usr/lib/libIOReport.dylib
0x00007ffb16829000 	/System/Library/PrivateFrameworks/AppleMobileFileIntegrity.framework/Versions/A/AppleMobileFileIntegrity
0x00007ffd10a6e000 	/usr/lib/libTLE.dylib
0x00007ffa1eac3000 	/System/Library/PrivateFrameworks/ConfigProfileHelper.framework/Versions/A/ConfigProfileHelper
0x00007ff80fa77000 	/usr/lib/libmecab.dylib
0x00007ff803139000 	/usr/lib/libCRFSuite.dylib
0x00007ff80e924000 	/System/Library/PrivateFrameworks/CoreNLP.framework/Versions/A/CoreNLP
0x00007ff8108f8000 	/usr/lib/libThaiTokenizer.dylib
0x00007ff81365d000 	/System/Library/PrivateFrameworks/DataDetectorsCore.framework/Versions/A/DataDetectorsCore
0x00007ff90ea81000 	/System/Library/PrivateFrameworks/TextInput.framework/Versions/A/TextInput
0x00007ff8072ba000 	/System/Library/PrivateFrameworks/UIFoundation.framework/Versions/A/UIFoundation
0x00007ff80fa45000 	/usr/lib/libCheckFix.dylib
0x00007ff80ad88000 	/System/Library/PrivateFrameworks/MetadataUtilities.framework/Versions/A/MetadataUtilities
0x00007ffc09767000 	/System/Library/PrivateFrameworks/InstalledContentLibrary.framework/Versions/A/InstalledContentLibrary
0x00007ff805bf5000 	/System/Library/PrivateFrameworks/CoreServicesStore.framework/Versions/A/CoreServicesStore
0x00007ff80bc2d000 	/usr/lib/libapp_launch_measurement.dylib
0x00007ff91d79f000 	/System/Library/PrivateFrameworks/MobileSystemServices.framework/Versions/A/MobileSystemServices
0x00007ff811fad000 	/usr/lib/libxslt.1.dylib
0x00007ff80fa0b000 	/System/Library/PrivateFrameworks/BackgroundTaskManagement.framework/Versions/A/BackgroundTaskManagement
0x00007ff81c728000 	/usr/lib/libcurl.4.dylib
0x00007ffd10e01000 	/usr/lib/libcrypto.46.dylib
0x00007ffd11938000 	/usr/lib/libssl.48.dylib
0x00007ff81c40e000 	/System/Library/Frameworks/LDAP.framework/Versions/A/LDAP
0x00007ff81c448000 	/System/Library/PrivateFrameworks/TrustEvaluationAgent.framework/Versions/A/TrustEvaluationAgent
0x00007ff8149dc000 	/usr/lib/libsasl2.2.dylib
0x00007ff81f55c000 	/System/Library/Frameworks/Cocoa.framework/Versions/A/Cocoa
0x00007ff805d67000 	/System/Library/Frameworks/AppKit.framework/Versions/C/AppKit
0x00007ffb19d13000 	/System/Library/PrivateFrameworks/CollectionViewCore.framework/Versions/A/CollectionViewCore
0x00007ff8181f5000 	/System/Library/PrivateFrameworks/RemoteViewServices.framework/Versions/A/RemoteViewServices
0x00007ff80e06d000 	/System/Library/PrivateFrameworks/XCTTargetBootstrap.framework/Versions/A/XCTTargetBootstrap
0x00007ff8136a4000 	/System/Library/PrivateFrameworks/UserActivity.framework/Versions/A/UserActivity
0x00007ffd05eeb000 	/System/Library/PrivateFrameworks/UIIntelligenceSupport.framework/Versions/A/UIIntelligenceSupport
0x00007ffb1088b000 	/System/Library/Frameworks/SwiftUICore.framework/Versions/A/SwiftUICore
0x00007ffd0aad9000 	/System/Library/PrivateFrameworks/WritingTools.framework/Versions/A/WritingTools
0x00007ffd09c2e000 	/System/Library/PrivateFrameworks/WindowManagement.framework/Versions/A/WindowManagement
0x00007ff80e05a000 	/System/Library/PrivateFrameworks/DFRFoundation.framework/Versions/A/DFRFoundation
0x00007ff80dd78000 	/System/Library/Frameworks/Carbon.framework/Versions/A/Frameworks/HIToolbox.framework/Versions/A/HIToolbox
0x00007ff81822d000 	/System/Library/Frameworks/Carbon.framework/Versions/A/Frameworks/SpeechRecognition.framework/Versions/A/SpeechRecognition
0x00007ff902e2b000 	/System/Library/PrivateFrameworks/RenderBox.framework/Versions/A/RenderBox
0x00007ff80bbc4000 	/System/Library/PrivateFrameworks/PerformanceAnalysis.framework/Versions/A/PerformanceAnalysis
0x00007ff8185b3000 	/System/Library/Frameworks/Accessibility.framework/Versions/A/Accessibility
0x00007ffb0bea1000 	/System/Library/Frameworks/DataDetection.framework/Versions/A/DataDetection
0x00007ffb0bea4000 	/System/Library/Frameworks/DeveloperToolsSupport.framework/Versions/A/DeveloperToolsSupport
0x00007ffb113f1000 	/System/Library/Frameworks/Symbols.framework/Versions/A/Symbols
0x00007ffd11b58000 	/usr/lib/swift/libswiftDataDetection.dylib
0x00007ff908590000 	/usr/lib/swift/libswiftCoreGraphics.dylib
0x00007ff818f4e000 	/usr/lib/swift/libswiftFoundation.dylib
0x00007ffa1e551000 	/usr/lib/swift/libswiftSwiftOnoneSupport.dylib
0x00007ffa0b457000 	/System/Library/PrivateFrameworks/CoreMaterial.framework/Versions/A/CoreMaterial
0x00007ffc1920f000 	/System/Library/PrivateFrameworks/SFSymbols.framework/Versions/A/SFSymbols
0x00007ff81821d000 	/System/Library/PrivateFrameworks/SpeechRecognitionCore.framework/Versions/A/SpeechRecognitionCore
0x0000000102b21000 	/Library/Java/JavaVirtualMachines/jdk-17.jdk/Contents/Home/lib/server/libjvm.dylib
0x0000000101b10000 	/Library/Java/JavaVirtualMachines/jdk-17.jdk/Contents/Home/lib/libjimage.dylib
0x0000000101b33000 	/Library/Java/JavaVirtualMachines/jdk-17.jdk/Contents/Home/lib/libinstrument.dylib
0x0000000101b75000 	/Library/Java/JavaVirtualMachines/jdk-17.jdk/Contents/Home/lib/libjava.dylib
0x0000000101b5e000 	/Library/Java/JavaVirtualMachines/jdk-17.jdk/Contents/Home/lib/libzip.dylib
0x00000001028e5000 	/Library/Java/JavaVirtualMachines/jdk-17.jdk/Contents/Home/lib/libnio.dylib
0x000000010291f000 	/Library/Java/JavaVirtualMachines/jdk-17.jdk/Contents/Home/lib/libnet.dylib
0x00000001028ca000 	/Library/Java/JavaVirtualMachines/jdk-17.jdk/Contents/Home/lib/libextnet.dylib
0x0000000102901000 	/Library/Java/JavaVirtualMachines/jdk-17.jdk/Contents/Home/lib/libmanagement.dylib
0x000000010293f000 	/Library/Java/JavaVirtualMachines/jdk-17.jdk/Contents/Home/lib/libmanagement_ext.dylib
0x0000000102965000 	/Library/Java/JavaVirtualMachines/jdk-17.jdk/Contents/Home/lib/libverify.dylib
0x0000000102a1c000 	/Library/Java/JavaVirtualMachines/jdk-17.jdk/Contents/Home/lib/libawt.dylib
0x0000000114353000 	/Library/Java/JavaVirtualMachines/jdk-17.jdk/Contents/Home/lib/libmlib_image.dylib
0x00007ffb0cceb000 	/System/Library/Frameworks/JavaRuntimeSupport.framework/Versions/A/JavaRuntimeSupport
0x00007ff909b9f000 	/System/Library/Frameworks/Carbon.framework/Versions/A/Carbon
0x00007ff8218d8000 	/System/Library/Frameworks/Carbon.framework/Versions/A/Frameworks/CommonPanels.framework/Versions/A/CommonPanels
0x00007ff81c715000 	/System/Library/Frameworks/Carbon.framework/Versions/A/Frameworks/Help.framework/Versions/A/Help
0x00007ff8218dc000 	/System/Library/Frameworks/Carbon.framework/Versions/A/Frameworks/ImageCapture.framework/Versions/A/ImageCapture
0x00007ff8218ba000 	/System/Library/Frameworks/Carbon.framework/Versions/A/Frameworks/OpenScripting.framework/Versions/A/OpenScripting
0x00007ff8218d7000 	/System/Library/Frameworks/Carbon.framework/Versions/A/Frameworks/Ink.framework/Versions/A/Ink
0x00007ff8218d4000 	/System/Library/Frameworks/Carbon.framework/Versions/A/Frameworks/SecurityHI.framework/Versions/A/SecurityHI
0x0000000114520000 	/Library/Java/JavaVirtualMachines/jdk-17.jdk/Contents/Home/lib/libawt_lwawt.dylib
0x00000001029a2000 	/Library/Java/JavaVirtualMachines/jdk-17.jdk/Contents/Home/lib/libosxapp.dylib
0x00007ff9085f0000 	/System/Library/Frameworks/ExceptionHandling.framework/Versions/A/ExceptionHandling
0x00000001148a8000 	/Library/Java/JavaVirtualMachines/jdk-17.jdk/Contents/Home/lib/libfontmanager.dylib
0x0000000114658000 	/Library/Java/JavaVirtualMachines/jdk-17.jdk/Contents/Home/lib/libfreetype.dylib


VM Arguments:
jvm_args: -XX:TieredStopAtLevel=1 -Dspring.output.ansi.enabled=always -Dcom.sun.management.jmxremote -Dspring.jmx.enabled=true -Dspring.liveBeansView.mbeanDomain -Dspring.application.admin.enabled=true -Dmanagement.endpoints.jmx.exposure.include=* -javaagent:/Applications/IntelliJ IDEA.app/Contents/lib/idea_rt.jar=49534 -Dfile.encoding=UTF-8 
java_command: com.example.sen_scu.SenScuApplication
java_class_path (initial): /Users/macbookpro/Documents/sen-scu/target/classes:/Users/macbookpro/.m2/repository/org/springframework/boot/spring-boot-starter-web/3.3.2/spring-boot-starter-web-3.3.2.jar:/Users/macbookpro/.m2/repository/org/springframework/boot/spring-boot-starter/3.3.2/spring-boot-starter-3.3.2.jar:/Users/macbookpro/.m2/repository/org/springframework/boot/spring-boot-starter-logging/3.3.2/spring-boot-starter-logging-3.3.2.jar:/Users/macbookpro/.m2/repository/ch/qos/logback/logback-classic/1.5.6/logback-classic-1.5.6.jar:/Users/macbookpro/.m2/repository/ch/qos/logback/logback-core/1.5.6/logback-core-1.5.6.jar:/Users/macbookpro/.m2/repository/org/apache/logging/log4j/log4j-to-slf4j/2.23.1/log4j-to-slf4j-2.23.1.jar:/Users/macbookpro/.m2/repository/org/slf4j/jul-to-slf4j/2.0.13/jul-to-slf4j-2.0.13.jar:/Users/macbookpro/.m2/repository/jakarta/annotation/jakarta.annotation-api/2.1.1/jakarta.annotation-api-2.1.1.jar:/Users/macbookpro/.m2/repository/org/yaml/snakeyaml/2.2/snakeyaml-2.2.jar:/Users/macbookpro/.m2/repository/org/springframework/boot/spring-boot-starter-json/3.3.2/spring-boot-starter-json-3.3.2.jar:/Users/macbookpro/.m2/repository/com/fasterxml/jackson/datatype/jackson-datatype-jdk8/2.17.2/jackson-datatype-jdk8-2.17.2.jar:/Users/macbookpro/.m2/repository/com/fasterxml/jackson/datatype/jackson-datatype-jsr310/2.17.2/jackson-datatype-jsr310-2.17.2.jar:/Users/macbookpro/.m2/repository/com/fasterxml/jackson/module/jackson-module-parameter-names/2.17.2/jackson-module-parameter-names-2.17.2.jar:/Users/macbookpro/.m2/repository/org/springframework/boot/spring-boot-starter-tomcat/3.3.2/spring-boot-starter-tomcat-3.3.2.jar:/Users/macbookpro/.m2/repository/org/apache/tomcat/embed/tomcat-embed-core/10.1.26/tomcat-embed-core-10.1.26.jar:/Users/macbookpro/.m2/repository/org/apache/tomcat/embed/tomcat-embed-el/10.1.26/tomcat-embed-el-10.1.26.jar:/Users/macbookpro/.m2/repository/org/apache/tomcat/embed/tomcat-embed-websocket/10.1.26/tomcat-embed-websocket-10.1
Launcher Type: SUN_STANDARD

[Global flags]
     intx CICompilerCount                          = 4                                         {product} {ergonomic}
     uint ConcGCThreads                            = 2                                         {product} {ergonomic}
     uint G1ConcRefinementThreads                  = 8                                         {product} {ergonomic}
   size_t G1HeapRegionSize                         = 1048576                                   {product} {ergonomic}
    uintx GCDrainStackTargetSize                   = 64                                        {product} {ergonomic}
   size_t InitialHeapSize                          = 134217728                                 {product} {ergonomic}
     bool ManagementServer                         = true                                      {product} {command line}
   size_t MarkStackSize                            = 4194304                                   {product} {ergonomic}
   size_t MaxHeapSize                              = 2147483648                                {product} {ergonomic}
   size_t MaxNewSize                               = 1287651328                                {product} {ergonomic}
   size_t MinHeapDeltaBytes                        = 1048576                                   {product} {ergonomic}
   size_t MinHeapSize                              = 8388608                                   {product} {ergonomic}
    uintx NonProfiledCodeHeapSize                  = 0                                      {pd product} {ergonomic}
     bool ProfileInterpreter                       = false                                  {pd product} {command line}
    uintx ProfiledCodeHeapSize                     = 0                                      {pd product} {ergonomic}
   size_t SoftMaxHeapSize                          = 2147483648                             {manageable} {ergonomic}
     intx TieredStopAtLevel                        = 1                                         {product} {command line}
     bool UseCompressedClassPointers               = true                           {product lp64_product} {ergonomic}
     bool UseCompressedOops                        = true                           {product lp64_product} {ergonomic}
     bool UseG1GC                                  = true                                      {product} {ergonomic}
     bool UseNUMA                                  = false                                     {product} {ergonomic}
     bool UseNUMAInterleaving                      = false                                     {product} {ergonomic}

Logging:
Log output configuration:
 #0: stdout all=warning uptime,level,tags
 #1: stderr all=off uptime,level,tags

Environment Variables:
JAVA_HOME=/Users/macbookpro/Library/Java/JavaVirtualMachines/ms-17.0.15/Contents/Home
PATH=/Users/macbookpro/.nvm/versions/node/v20.19.6/bin:/opt/homebrew/opt/ruby/bin:/usr/local/bin:/usr/bin:/bin:/usr/sbin:/sbin:/opt/homebrew/opt/ruby/bin:/Users/macbookpro/Library/Java/JavaVirtualMachines/ms-17.0.15/Contents/Home/bin:/Users/macbookpro/Library/Android/sdk/emulator:/Users/macbookpro/Library/Android/sdk/platform-tools:/Users/macbookpro/Library/Android/sdk/cmdline-tools/latest/bin:/Users/macbookpro/.rbenv/shims:/Users/macbookpro/.rbenv/bin:/usr/local/opt/ruby/bin:/usr/local/bin:/usr/bin:/bin:/usr/sbin:/sbin:/Library/Java/JavaVirtualMachines/jdk-17.jdk/Contents/Home/bin:/Users/macbookpro/Library/Android/sdk/platform-tools:/Users/macbookpro/Library/Android/sdk/emulator:/Users/macbookpro/Library/Android/sdk/cmdline
SHELL=/bin/zsh
LC_CTYPE=en_US.UTF-8

Signal Handlers:
   SIGSEGV: crash_handler in libjvm.dylib, mask=11100110000111110111111111111111, flags=SA_RESTART|SA_SIGINFO
    SIGBUS: crash_handler in libjvm.dylib, mask=11100110000111110111111111111111, flags=SA_RESTART|SA_SIGINFO
    SIGFPE: crash_handler in libjvm.dylib, mask=11100110000111110111111111111111, flags=SA_RESTART|SA_SIGINFO
   SIGPIPE: javaSignalHandler in libjvm.dylib, mask=11100110000111110111111111111111, flags=SA_RESTART|SA_SIGINFO
   SIGXFSZ: javaSignalHandler in libjvm.dylib, mask=11100110000111110111111111111111, flags=SA_RESTART|SA_SIGINFO
    SIGILL: crash_handler in libjvm.dylib, mask=11100110000111110111111111111111, flags=SA_RESTART|SA_SIGINFO
   SIGUSR2: SR_handler in libjvm.dylib, mask=00000000000000000000000000000000, flags=SA_RESTART|SA_SIGINFO
    SIGHUP: UserHandler in libjvm.dylib, mask=11100110000111110111111111111111, flags=SA_RESTART|SA_SIGINFO
    SIGINT: UserHandler in libjvm.dylib, mask=11100110000111110111111111111111, flags=SA_RESTART|SA_SIGINFO
   SIGTERM: UserHandler in libjvm.dylib, mask=11100110000111110111111111111111, flags=SA_RESTART|SA_SIGINFO
   SIGQUIT: UserHandler in libjvm.dylib, mask=11100110000111110111111111111111, flags=SA_RESTART|SA_SIGINFO
   SIGTRAP: crash_handler in libjvm.dylib, mask=11100110000111110111111111111111, flags=SA_RESTART|SA_SIGINFO


---------------  S Y S T E M  ---------------

OS:
uname: Darwin 24.5.0 Darwin Kernel Version 24.5.0: Tue Apr 22 19:53:26 PDT 2025; root:xnu-11417.121.6~2/RELEASE_X86_64 x86_64
OS uptime: 0 days 1:23 hours
rlimit (soft/hard): STACK 8192k/65532k , CORE 0k/infinity , NPROC 1392/2088 , NOFILE 10240/infinity , AS infinity/infinity , CPU infinity/infinity , DATA infinity/infinity , FSIZE infinity/infinity , MEMLOCK infinity/infinity , RSS infinity/infinity
load average: 10.00 4.83 4.65

CPU: total 8 (initial active 8) (4 cores per cpu, 2 threads per core) family 6 model 142 stepping 10 microcode 0xf6, cx8, cmov, fxsr, ht, mmx, 3dnowpref, sse, sse2, sse3, ssse3, sse4.1, sse4.2, popcnt, lzcnt, tsc, tscinvbit, avx, avx2, aes, erms, clmul, bmi1, bmi2, adx, fma, vzeroupper, clflush, clflushopt

Memory: 4k page, physical 8388608k(66696k free), swap 3145728k(439296k free)

vm_info: Java HotSpot(TM) 64-Bit Server VM (17.0.12+8-LTS-286) for bsd-amd64 JRE (17.0.12+8-LTS-286), built on Jun  5 2024 05:49:45 by "mach5one" with clang Apple LLVM 12.0.0 (clang-1200.0.32.29)

END.
